<?xml version="1.0" encoding="UTF-8"?>
<testsuite xmlns:xsi="http://www.w3.org/2001/XMLSchema-instance" xsi:noNamespaceSchemaLocation="https://maven.apache.org/surefire/maven-surefire-plugin/xsd/surefire-test-report.xsd" version="3.0.2" name="com.example.actividad_sumativa_semana8.ActividadSumativaSemana8ApplicationTests" time="17.418" tests="1" errors="0" skipped="0" failures="0">
  <properties>
[...]
</properties>
  <testcase name="contextLoads" classname="com.example.actividad_sumativa_semana8.ActividadSumativaSemana8ApplicationTests" time="0.97">
    <system-out><![CDATA[21:36:42.337 [main] INFO org.springframework.test.context.support.AnnotationConfigContextLoaderUtils -- Could not detect default configuration classes for test class [com.example.actividad_sumativa_semana8.ActividadSumativaSemana8ApplicationTests]: ActividadSumativaSemana8ApplicationTests does not declare any static, non-private, non-final, nested classes annotated with @Configuration.
21:36:42.761 [main] INFO org.springframework.boot.test.context.SpringBootTestContextBootstrapper -- Found @SpringBootConfiguration com.example.actividad_sumativa_semana8.ActividadSumativaSemana8Application for test class com.example.actividad_sumativa_semana8.ActividadSumativaSemana8ApplicationTests
21:36:43.075 [main] INFO org.springframework.boot.devtools.restart.RestartApplicationListener -- Restart disabled due to context in which it is running

  .   ____          _            __ _ _
 /\\ / ___'_ __ _ _(_)_ __  __ _ \ \ \ \
( ( )\___ | '_ | '_| | '_ \/ _` | \ \ \ \
 \\/  ___)| |_)| | | | | || (_| |  ) ) ) )
  '  |____| .__|_| |_|_| |_\__, | / / / /
 =========|_|==============|___/=/_/_/_/

 :: Spring Boot ::                (v3.4.4)

2025-04-29T21:36:43.557-04:00 DEBUG 9012 --- [actividad_sumativa_semana8] [kground-preinit] o.h.v.i.xml.config.ValidationXmlParser   : Trying to load META-INF/validation.xml for XML based Validator configuration.
2025-04-29T21:36:43.563-04:00 DEBUG 9012 --- [actividad_sumativa_semana8] [kground-preinit] o.h.v.i.xml.config.ResourceLoaderHelper  : Trying to load META-INF/validation.xml via TCCL
2025-04-29T21:36:43.565-04:00 DEBUG 9012 --- [actividad_sumativa_semana8] [kground-preinit] o.h.v.i.xml.config.ResourceLoaderHelper  : Trying to load META-INF/validation.xml via Hibernate Validator's class loader
2025-04-29T21:36:43.565-04:00 DEBUG 9012 --- [actividad_sumativa_semana8] [kground-preinit] o.h.v.i.xml.config.ValidationXmlParser   : No META-INF/validation.xml found. Using annotation based configuration only.
2025-04-29T21:36:43.579-04:00 DEBUG 9012 --- [actividad_sumativa_semana8] [kground-preinit] o.h.v.i.e.resolver.TraversableResolvers  : Found jakarta.persistence.Persistence on classpath containing 'getPersistenceUtil'. Assuming JPA 2 environment. Trying to instantiate JPA aware TraversableResolver
2025-04-29T21:36:43.581-04:00 DEBUG 9012 --- [actividad_sumativa_semana8] [kground-preinit] o.h.v.i.e.resolver.TraversableResolvers  : Instantiated JPA aware TraversableResolver of type org.hibernate.validator.internal.engine.resolver.JPATraversableResolver.
2025-04-29T21:36:43.611-04:00  INFO 9012 --- [actividad_sumativa_semana8] [           main] ActividadSumativaSemana8ApplicationTests : Starting ActividadSumativaSemana8ApplicationTests using Java 23.0.2 with PID 9012 (started by rodri in C:\Users\rodri\OneDrive\Escritorio\Actividad_Sumativa_Semana8)
2025-04-29T21:36:43.612-04:00  INFO 9012 --- [actividad_sumativa_semana8] [           main] ActividadSumativaSemana8ApplicationTests : No active profile set, falling back to 1 default profile: "default"
2025-04-29T21:36:43.613-04:00 DEBUG 9012 --- [actividad_sumativa_semana8] [           main] o.s.boot.SpringApplication               : Loading source class com.example.actividad_sumativa_semana8.ActividadSumativaSemana8Application
2025-04-29T21:36:43.627-04:00 DEBUG 9012 --- [actividad_sumativa_semana8] [kground-preinit] .h.v.m.ResourceBundleMessageInterpolator : Loaded expression factory via original TCCL
2025-04-29T21:36:43.675-04:00 DEBUG 9012 --- [actividad_sumativa_semana8] [           main] o.s.w.c.s.GenericWebApplicationContext   : Refreshing org.springframework.web.context.support.GenericWebApplicationContext@2f6bbeb0
2025-04-29T21:36:43.717-04:00 DEBUG 9012 --- [actividad_sumativa_semana8] [           main] o.s.b.f.s.DefaultListableBeanFactory     : Creating shared instance of singleton bean 'org.springframework.context.annotation.internalConfigurationAnnotationProcessor'
2025-04-29T21:36:43.742-04:00 DEBUG 9012 --- [actividad_sumativa_semana8] [           main] o.s.b.f.s.DefaultListableBeanFactory     : Creating shared instance of singleton bean 'org.springframework.boot.autoconfigure.internalCachingMetadataReaderFactory'
2025-04-29T21:36:43.845-04:00 DEBUG 9012 --- [actividad_sumativa_semana8] [kground-preinit] .i.e.ValidatorFactoryConfigurationHelper : HV000252: Using org.hibernate.validator.internal.engine.DefaultPropertyNodeNameProvider as property node name provider.
2025-04-29T21:36:43.856-04:00 DEBUG 9012 --- [actividad_sumativa_semana8] [kground-preinit] .i.e.ValidatorFactoryConfigurationHelper : HV000234: Using org.hibernate.validator.messageinterpolation.ResourceBundleMessageInterpolator as ValidatorFactory-scoped message interpolator.
2025-04-29T21:36:43.856-04:00 DEBUG 9012 --- [actividad_sumativa_semana8] [kground-preinit] .i.e.ValidatorFactoryConfigurationHelper : HV000234: Using org.hibernate.validator.internal.engine.resolver.JPATraversableResolver as ValidatorFactory-scoped traversable resolver.
2025-04-29T21:36:43.856-04:00 DEBUG 9012 --- [actividad_sumativa_semana8] [kground-preinit] .i.e.ValidatorFactoryConfigurationHelper : HV000234: Using org.hibernate.validator.internal.util.ExecutableParameterNameProvider as ValidatorFactory-scoped parameter name provider.
2025-04-29T21:36:43.856-04:00 DEBUG 9012 --- [actividad_sumativa_semana8] [kground-preinit] .i.e.ValidatorFactoryConfigurationHelper : HV000234: Using org.hibernate.validator.internal.engine.DefaultClockProvider as ValidatorFactory-scoped clock provider.
2025-04-29T21:36:43.857-04:00 DEBUG 9012 --- [actividad_sumativa_semana8] [kground-preinit] .i.e.ValidatorFactoryConfigurationHelper : HV000234: Using org.hibernate.validator.internal.engine.scripting.DefaultScriptEvaluatorFactory as ValidatorFactory-scoped script evaluator factory.
2025-04-29T21:36:44.056-04:00 DEBUG 9012 --- [actividad_sumativa_semana8] [           main] o.s.c.a.ClassPathBeanDefinitionScanner   : Identified candidate component class: file [C:\Users\rodri\OneDrive\Escritorio\Actividad_Sumativa_Semana8\target\classes\com\example\actividad_sumativa_semana8\Controller\EventoController.class]
2025-04-29T21:36:44.246-04:00 DEBUG 9012 --- [actividad_sumativa_semana8] [           main] o.s.c.a.ClassPathBeanDefinitionScanner   : Identified candidate component class: file [C:\Users\rodri\OneDrive\Escritorio\Actividad_Sumativa_Semana8\target\classes\com\example\actividad_sumativa_semana8\Controller\FacturaController.class]
2025-04-29T21:36:44.430-04:00 DEBUG 9012 --- [actividad_sumativa_semana8] [           main] o.s.c.a.ClassPathBeanDefinitionScanner   : Ignored because not a concrete top-level class: file [C:\Users\rodri\OneDrive\Escritorio\Actividad_Sumativa_Semana8\target\classes\com\example\actividad_sumativa_semana8\Repository\EventoRepository.class]
2025-04-29T21:36:44.434-04:00 DEBUG 9012 --- [actividad_sumativa_semana8] [           main] o.s.c.a.ClassPathBeanDefinitionScanner   : Ignored because not a concrete top-level class: file [C:\Users\rodri\OneDrive\Escritorio\Actividad_Sumativa_Semana8\target\classes\com\example\actividad_sumativa_semana8\Repository\ParticipanteRepository.class]
2025-04-29T21:36:44.439-04:00 DEBUG 9012 --- [actividad_sumativa_semana8] [           main] o.s.c.a.ClassPathBeanDefinitionScanner   : Identified candidate component class: file [C:\Users\rodri\OneDrive\Escritorio\Actividad_Sumativa_Semana8\target\classes\com\example\actividad_sumativa_semana8\Service\EventoService.class]
2025-04-29T21:36:44.443-04:00 DEBUG 9012 --- [actividad_sumativa_semana8] [           main] o.s.c.a.ClassPathBeanDefinitionScanner   : Identified candidate component class: file [C:\Users\rodri\OneDrive\Escritorio\Actividad_Sumativa_Semana8\target\classes\com\example\actividad_sumativa_semana8\Service\FacturaService.class]
2025-04-29T21:36:46.170-04:00  INFO 9012 --- [actividad_sumativa_semana8] [           main] .s.d.r.c.RepositoryConfigurationDelegate : Bootstrapping Spring Data JPA repositories in DEFAULT mode.
2025-04-29T21:36:46.188-04:00 DEBUG 9012 --- [actividad_sumativa_semana8] [           main] o.s.b.f.s.DefaultListableBeanFactory     : Creating shared instance of singleton bean 'org.springframework.boot.autoconfigure.AutoConfigurationPackages'
2025-04-29T21:36:46.203-04:00 DEBUG 9012 --- [actividad_sumativa_semana8] [           main] o.s.b.a.AutoConfigurationPackages        : @EnableAutoConfiguration was declared on a class in the package 'com.example.actividad_sumativa_semana8'. Automatic @Repository and @Entity scanning is enabled.
2025-04-29T21:36:46.204-04:00 DEBUG 9012 --- [actividad_sumativa_semana8] [           main] .s.d.r.c.RepositoryConfigurationDelegate : Scanning for JPA repositories in packages com.example.actividad_sumativa_semana8.
2025-04-29T21:36:46.229-04:00 DEBUG 9012 --- [actividad_sumativa_semana8] [           main] o.s.d.r.c.RepositoryComponentProvider    : Identified candidate component class: file [C:\Users\rodri\OneDrive\Escritorio\Actividad_Sumativa_Semana8\target\classes\com\example\actividad_sumativa_semana8\Repository\EventoRepository.class]
2025-04-29T21:36:46.230-04:00 DEBUG 9012 --- [actividad_sumativa_semana8] [           main] o.s.d.r.c.RepositoryComponentProvider    : Identified candidate component class: file [C:\Users\rodri\OneDrive\Escritorio\Actividad_Sumativa_Semana8\target\classes\com\example\actividad_sumativa_semana8\Repository\FacturaRepository.class]
2025-04-29T21:36:46.230-04:00 DEBUG 9012 --- [actividad_sumativa_semana8] [           main] o.s.d.r.c.RepositoryComponentProvider    : Identified candidate component class: file [C:\Users\rodri\OneDrive\Escritorio\Actividad_Sumativa_Semana8\target\classes\com\example\actividad_sumativa_semana8\Repository\ParticipanteRepository.class]
2025-04-29T21:36:46.231-04:00 DEBUG 9012 --- [actividad_sumativa_semana8] [           main] o.s.d.r.c.RepositoryComponentProvider    : Identified candidate component class: file [C:\Users\rodri\OneDrive\Escritorio\Actividad_Sumativa_Semana8\target\classes\com\example\actividad_sumativa_semana8\Repository\ServicioRepository.class]
2025-04-29T21:36:46.450-04:00  INFO 9012 --- [actividad_sumativa_semana8] [           main] .s.d.r.c.RepositoryConfigurationDelegate : Finished Spring Data repository scanning in 242 ms. Found 4 JPA repository interfaces.
2025-04-29T21:36:46.653-04:00 DEBUG 9012 --- [actividad_sumativa_semana8] [           main] o.s.b.f.s.DefaultListableBeanFactory     : Creating shared instance of singleton bean 'propertySourcesPlaceholderConfigurer'
2025-04-29T21:36:46.671-04:00 DEBUG 9012 --- [actividad_sumativa_semana8] [           main] o.s.b.f.s.DefaultListableBeanFactory     : Creating shared instance of singleton bean 'org.springframework.boot.test.mock.mockito.MockitoPostProcessor'
2025-04-29T21:36:46.676-04:00 DEBUG 9012 --- [actividad_sumativa_semana8] [           main] o.s.b.f.s.DefaultListableBeanFactory     : Creating shared instance of singleton bean 'emBeanDefinitionRegistrarPostProcessor'
2025-04-29T21:36:46.678-04:00 DEBUG 9012 --- [actividad_sumativa_semana8] [           main] o.s.b.f.s.DefaultListableBeanFactory     : Creating shared instance of singleton bean 'org.springframework.boot.sql.init.dependency.DatabaseInitializationDependencyConfigurer$DependsOnDatabaseInitializationPostProcessor'
2025-04-29T21:36:46.855-04:00 DEBUG 9012 --- [actividad_sumativa_semana8] [           main] o.s.b.f.s.DefaultListableBeanFactory     : Creating shared instance of singleton bean 'org.springframework.context.event.internalEventListenerProcessor'
2025-04-29T21:36:46.860-04:00 DEBUG 9012 --- [actividad_sumativa_semana8] [           main] o.s.b.f.s.DefaultListableBeanFactory     : Creating shared instance of singleton bean 'preserveErrorControllerTargetClassPostProcessor'
2025-04-29T21:36:46.868-04:00 DEBUG 9012 --- [actividad_sumativa_semana8] [           main] o.s.b.f.s.DefaultListableBeanFactory     : Creating shared instance of singleton bean 'org.springframework.context.event.internalEventListenerFactory'
2025-04-29T21:36:46.868-04:00 DEBUG 9012 --- [actividad_sumativa_semana8] [           main] o.s.b.f.s.DefaultListableBeanFactory     : Creating shared instance of singleton bean 'org.springframework.transaction.config.internalTransactionalEventListenerFactory'
2025-04-29T21:36:46.874-04:00 DEBUG 9012 --- [actividad_sumativa_semana8] [           main] o.s.b.f.s.DefaultListableBeanFactory     : Creating shared instance of singleton bean 'org.springframework.boot.test.mock.mockito.MockitoPostProcessor$SpyPostProcessor'
2025-04-29T21:36:46.876-04:00 DEBUG 9012 --- [actividad_sumativa_semana8] [           main] o.s.b.f.s.DefaultListableBeanFactory     : Creating shared instance of singleton bean 'org.springframework.context.annotation.internalAutowiredAnnotationProcessor'
2025-04-29T21:36:46.880-04:00 DEBUG 9012 --- [actividad_sumativa_semana8] [           main] o.s.b.f.s.DefaultListableBeanFactory     : Creating shared instance of singleton bean 'org.springframework.context.annotation.internalCommonAnnotationProcessor'
2025-04-29T21:36:46.887-04:00 DEBUG 9012 --- [actividad_sumativa_semana8] [           main] o.s.b.f.s.DefaultListableBeanFactory     : Creating shared instance of singleton bean 'org.springframework.context.annotation.internalPersistenceAnnotationProcessor'
2025-04-29T21:36:46.888-04:00 DEBUG 9012 --- [actividad_sumativa_semana8] [           main] o.s.b.f.s.DefaultListableBeanFactory     : Creating shared instance of singleton bean 'org.springframework.boot.context.properties.ConfigurationPropertiesBindingPostProcessor'
2025-04-29T21:36:46.888-04:00 DEBUG 9012 --- [actividad_sumativa_semana8] [           main] o.s.b.f.s.DefaultListableBeanFactory     : Creating shared instance of singleton bean 'org.springframework.boot.context.internalConfigurationPropertiesBinder'
2025-04-29T21:36:46.893-04:00 DEBUG 9012 --- [actividad_sumativa_semana8] [           main] o.s.b.f.s.DefaultListableBeanFactory     : Creating shared instance of singleton bean 'jdbcConnectionDetailsHikariBeanPostProcessor'
2025-04-29T21:36:46.900-04:00 DEBUG 9012 --- [actividad_sumativa_semana8] [           main] o.s.b.f.s.DefaultListableBeanFactory     : Creating shared instance of singleton bean 'methodValidationPostProcessor'
2025-04-29T21:36:46.903-04:00 DEBUG 9012 --- [actividad_sumativa_semana8] [           main] o.s.b.f.s.DefaultListableBeanFactory     : Autowiring by type from bean name 'methodValidationPostProcessor' via factory method to bean named 'environment'
2025-04-29T21:36:46.934-04:00 DEBUG 9012 --- [actividad_sumativa_semana8] [           main] o.s.b.f.s.DefaultListableBeanFactory     : Creating shared instance of singleton bean 'org.springframework.boot.context.properties.EnableConfigurationPropertiesRegistrar.methodValidationExcludeFilter'
2025-04-29T21:36:46.978-04:00 DEBUG 9012 --- [actividad_sumativa_semana8] [           main] o.s.b.f.s.DefaultListableBeanFactory     : Creating shared instance of singleton bean 'org.springframework.aop.config.internalAutoProxyCreator'
2025-04-29T21:36:47.019-04:00 DEBUG 9012 --- [actividad_sumativa_semana8] [           main] o.s.b.f.s.DefaultListableBeanFactory     : Creating shared instance of singleton bean 'persistenceExceptionTranslationPostProcessor'
2025-04-29T21:36:47.020-04:00 DEBUG 9012 --- [actividad_sumativa_semana8] [           main] o.s.b.f.s.DefaultListableBeanFactory     : Autowiring by type from bean name 'persistenceExceptionTranslationPostProcessor' via factory method to bean named 'environment'
2025-04-29T21:36:47.028-04:00 DEBUG 9012 --- [actividad_sumativa_semana8] [           main] o.s.b.f.s.DefaultListableBeanFactory     : Creating shared instance of singleton bean 'webServerFactoryCustomizerBeanPostProcessor'
2025-04-29T21:36:47.031-04:00 DEBUG 9012 --- [actividad_sumativa_semana8] [           main] o.s.b.f.s.DefaultListableBeanFactory     : Creating shared instance of singleton bean 'errorPageRegistrarBeanPostProcessor'
2025-04-29T21:36:47.033-04:00 DEBUG 9012 --- [actividad_sumativa_semana8] [           main] o.s.b.f.s.DefaultListableBeanFactory     : Creating shared instance of singleton bean 'healthEndpointGroupsBeanPostProcessor'
2025-04-29T21:36:47.035-04:00 DEBUG 9012 --- [actividad_sumativa_semana8] [           main] o.s.b.f.s.DefaultListableBeanFactory     : Creating shared instance of singleton bean 'org.springframework.transaction.config.internalTransactionAdvisor'
2025-04-29T21:36:47.036-04:00 DEBUG 9012 --- [actividad_sumativa_semana8] [           main] o.s.b.f.s.DefaultListableBeanFactory     : Creating shared instance of singleton bean 'org.springframework.transaction.annotation.ProxyTransactionManagementConfiguration'
2025-04-29T21:36:47.074-04:00 DEBUG 9012 --- [actividad_sumativa_semana8] [           main] .s.a.a.a.ReflectiveAspectJAdvisorFactory : Found AspectJ method: public java.lang.Object io.micrometer.observation.aop.ObservedAspect.observeClass(org.aspectj.lang.ProceedingJoinPoint) throws java.lang.Throwable
2025-04-29T21:36:47.077-04:00 DEBUG 9012 --- [actividad_sumativa_semana8] [           main] .s.a.a.a.ReflectiveAspectJAdvisorFactory : Found AspectJ method: public java.lang.Object io.micrometer.observation.aop.ObservedAspect.observeMethod(org.aspectj.lang.ProceedingJoinPoint) throws java.lang.Throwable
2025-04-29T21:36:47.351-04:00 DEBUG 9012 --- [actividad_sumativa_semana8] [           main] o.s.b.f.s.DefaultListableBeanFactory     : Creating shared instance of singleton bean 'transactionAttributeSource'
2025-04-29T21:36:47.362-04:00 DEBUG 9012 --- [actividad_sumativa_semana8] [           main] o.s.b.f.s.DefaultListableBeanFactory     : Creating shared instance of singleton bean 'transactionInterceptor'
2025-04-29T21:36:47.366-04:00 DEBUG 9012 --- [actividad_sumativa_semana8] [           main] o.s.b.f.s.DefaultListableBeanFactory     : Autowiring by type from bean name 'transactionInterceptor' via factory method to bean named 'transactionAttributeSource'
2025-04-29T21:36:47.375-04:00 DEBUG 9012 --- [actividad_sumativa_semana8] [           main] o.s.b.f.s.DefaultListableBeanFactory     : Autowiring by type from bean name 'org.springframework.transaction.config.internalTransactionAdvisor' via factory method to bean named 'transactionAttributeSource'
2025-04-29T21:36:47.375-04:00 DEBUG 9012 --- [actividad_sumativa_semana8] [           main] o.s.b.f.s.DefaultListableBeanFactory     : Autowiring by type from bean name 'org.springframework.transaction.config.internalTransactionAdvisor' via factory method to bean named 'transactionInterceptor'
2025-04-29T21:36:47.398-04:00 DEBUG 9012 --- [actividad_sumativa_semana8] [           main] o.s.b.f.s.DefaultListableBeanFactory     : Creating shared instance of singleton bean 'meterRegistryPostProcessor'
2025-04-29T21:36:47.401-04:00 DEBUG 9012 --- [actividad_sumativa_semana8] [           main] o.s.b.f.s.DefaultListableBeanFactory     : Autowiring by type from bean name 'meterRegistryPostProcessor' via factory method to bean named 'org.springframework.web.context.support.GenericWebApplicationContext@2f6bbeb0'
2025-04-29T21:36:47.416-04:00 DEBUG 9012 --- [actividad_sumativa_semana8] [           main] o.s.b.f.s.DefaultListableBeanFactory     : Creating shared instance of singleton bean 'metricsRepositoryMethodInvocationListenerBeanPostProcessor'
2025-04-29T21:36:47.419-04:00 DEBUG 9012 --- [actividad_sumativa_semana8] [           main] o.s.b.f.s.DefaultListableBeanFactory     : Creating shared instance of singleton bean 'observationRegistryPostProcessor'
2025-04-29T21:36:47.432-04:00 DEBUG 9012 --- [actividad_sumativa_semana8] [           main] o.s.b.f.s.DefaultListableBeanFactory     : Creating shared instance of singleton bean 'projectingArgumentResolverBeanPostProcessor'
2025-04-29T21:36:47.496-04:00 DEBUG 9012 --- [actividad_sumativa_semana8] [           main] o.s.b.f.s.DefaultListableBeanFactory     : Creating shared instance of singleton bean 'hypermediaRepresentionModelProcessorConfigurator'
2025-04-29T21:36:47.501-04:00 DEBUG 9012 --- [actividad_sumativa_semana8] [           main] o.s.b.f.s.DefaultListableBeanFactory     : Creating shared instance of singleton bean 'hypermediaRestTemplateBeanPostProcessor'
2025-04-29T21:36:47.511-04:00 DEBUG 9012 --- [actividad_sumativa_semana8] [           main] o.s.u.c.s.UiApplicationContextUtils      : Unable to locate ThemeSource with name 'themeSource': using default [org.springframework.ui.context.support.ResourceBundleThemeSource@b1b471]
2025-04-29T21:36:47.512-04:00 DEBUG 9012 --- [actividad_sumativa_semana8] [           main] o.s.b.f.s.DefaultListableBeanFactory     : Creating shared instance of singleton bean 'org.springframework.test.context.support.internalDynamicPropertyRegistrarBeanInitializer'
2025-04-29T21:36:47.518-04:00 DEBUG 9012 --- [actividad_sumativa_semana8] [           main] o.s.b.f.s.DefaultListableBeanFactory     : Creating shared instance of singleton bean 'dataSourceScriptDatabaseInitializer'
2025-04-29T21:36:47.519-04:00 DEBUG 9012 --- [actividad_sumativa_semana8] [           main] o.s.b.f.s.DefaultListableBeanFactory     : Creating shared instance of singleton bean 'org.springframework.boot.autoconfigure.sql.init.DataSourceInitializationConfiguration'
2025-04-29T21:36:47.523-04:00 DEBUG 9012 --- [actividad_sumativa_semana8] [           main] o.s.b.f.s.DefaultListableBeanFactory     : Creating shared instance of singleton bean 'dataSource'
2025-04-29T21:36:47.523-04:00 DEBUG 9012 --- [actividad_sumativa_semana8] [           main] o.s.b.f.s.DefaultListableBeanFactory     : Creating shared instance of singleton bean 'org.springframework.boot.autoconfigure.jdbc.DataSourceConfiguration$Hikari'
2025-04-29T21:36:47.533-04:00 DEBUG 9012 --- [actividad_sumativa_semana8] [           main] o.s.b.f.s.DefaultListableBeanFactory     : Creating shared instance of singleton bean 'spring.datasource-org.springframework.boot.autoconfigure.jdbc.DataSourceProperties'
2025-04-29T21:36:47.534-04:00 DEBUG 9012 --- [actividad_sumativa_semana8] [           main] o.s.b.f.s.DefaultListableBeanFactory     : Creating shared instance of singleton bean 'org.springframework.boot.context.properties.BoundConfigurationProperties'
2025-04-29T21:36:47.590-04:00 DEBUG 9012 --- [actividad_sumativa_semana8] [           main] o.s.b.f.s.DefaultListableBeanFactory     : Creating shared instance of singleton bean 'jdbcConnectionDetails'
2025-04-29T21:36:47.590-04:00 DEBUG 9012 --- [actividad_sumativa_semana8] [           main] o.s.b.f.s.DefaultListableBeanFactory     : Creating shared instance of singleton bean 'org.springframework.boot.autoconfigure.jdbc.DataSourceAutoConfiguration$PooledDataSourceConfiguration'
2025-04-29T21:36:47.593-04:00 DEBUG 9012 --- [actividad_sumativa_semana8] [           main] o.s.b.f.s.DefaultListableBeanFactory     : Autowiring by type from bean name 'jdbcConnectionDetails' via factory method to bean named 'spring.datasource-org.springframework.boot.autoconfigure.jdbc.DataSourceProperties'
2025-04-29T21:36:47.601-04:00 DEBUG 9012 --- [actividad_sumativa_semana8] [           main] o.s.b.f.s.DefaultListableBeanFactory     : Autowiring by type from bean name 'dataSource' via factory method to bean named 'spring.datasource-org.springframework.boot.autoconfigure.jdbc.DataSourceProperties'
2025-04-29T21:36:47.622-04:00 DEBUG 9012 --- [actividad_sumativa_semana8] [           main] o.s.b.f.s.DefaultListableBeanFactory     : Autowiring by type from bean name 'dataSource' via factory method to bean named 'jdbcConnectionDetails'
2025-04-29T21:36:48.066-04:00 DEBUG 9012 --- [actividad_sumativa_semana8] [           main] o.s.b.f.s.DefaultListableBeanFactory     : Creating shared instance of singleton bean 'spring.sql.init-org.springframework.boot.autoconfigure.sql.init.SqlInitializationProperties'
2025-04-29T21:36:48.073-04:00 DEBUG 9012 --- [actividad_sumativa_semana8] [           main] o.s.b.f.s.DefaultListableBeanFactory     : Autowiring by type from bean name 'dataSourceScriptDatabaseInitializer' via factory method to bean named 'dataSource'
2025-04-29T21:36:48.073-04:00 DEBUG 9012 --- [actividad_sumativa_semana8] [           main] o.s.b.f.s.DefaultListableBeanFactory     : Autowiring by type from bean name 'dataSourceScriptDatabaseInitializer' via factory method to bean named 'spring.sql.init-org.springframework.boot.autoconfigure.sql.init.SqlInitializationProperties'
2025-04-29T21:36:48.086-04:00 DEBUG 9012 --- [actividad_sumativa_semana8] [           main] o.s.b.f.s.DefaultListableBeanFactory     : Creating shared instance of singleton bean 'entityManagerFactory'
2025-04-29T21:36:48.086-04:00 DEBUG 9012 --- [actividad_sumativa_semana8] [           main] o.s.b.f.s.DefaultListableBeanFactory     : Creating shared instance of singleton bean 'org.springframework.boot.autoconfigure.orm.jpa.HibernateJpaConfiguration'
2025-04-29T21:36:48.088-04:00 DEBUG 9012 --- [actividad_sumativa_semana8] [           main] o.s.b.f.s.DefaultListableBeanFactory     : Creating shared instance of singleton bean 'spring.jpa-org.springframework.boot.autoconfigure.orm.jpa.JpaProperties'
2025-04-29T21:36:48.113-04:00 DEBUG 9012 --- [actividad_sumativa_semana8] [           main] o.s.b.f.s.DefaultListableBeanFactory     : Creating shared instance of singleton bean 'spring.jpa.hibernate-org.springframework.boot.autoconfigure.orm.jpa.HibernateProperties'
2025-04-29T21:36:48.123-04:00 DEBUG 9012 --- [actividad_sumativa_semana8] [           main] o.s.b.f.s.DefaultListableBeanFactory     : Autowiring by type from bean name 'org.springframework.boot.autoconfigure.orm.jpa.HibernateJpaConfiguration' via constructor to bean named 'dataSource'
2025-04-29T21:36:48.123-04:00 DEBUG 9012 --- [actividad_sumativa_semana8] [           main] o.s.b.f.s.DefaultListableBeanFactory     : Autowiring by type from bean name 'org.springframework.boot.autoconfigure.orm.jpa.HibernateJpaConfiguration' via constructor to bean named 'spring.jpa-org.springframework.boot.autoconfigure.orm.jpa.JpaProperties'
2025-04-29T21:36:48.123-04:00 DEBUG 9012 --- [actividad_sumativa_semana8] [           main] o.s.b.f.s.DefaultListableBeanFactory     : Autowiring by type from bean name 'org.springframework.boot.autoconfigure.orm.jpa.HibernateJpaConfiguration' via constructor to bean named 'org.springframework.beans.factory.support.DefaultListableBeanFactory@715fb77'
2025-04-29T21:36:48.123-04:00 DEBUG 9012 --- [actividad_sumativa_semana8] [           main] o.s.b.f.s.DefaultListableBeanFactory     : Autowiring by type from bean name 'org.springframework.boot.autoconfigure.orm.jpa.HibernateJpaConfiguration' via constructor to bean named 'spring.jpa.hibernate-org.springframework.boot.autoconfigure.orm.jpa.HibernateProperties'
2025-04-29T21:36:48.138-04:00 DEBUG 9012 --- [actividad_sumativa_semana8] [           main] o.s.b.f.s.DefaultListableBeanFactory     : Creating shared instance of singleton bean 'hikariPoolDataSourceMetadataProvider'
2025-04-29T21:36:48.139-04:00 DEBUG 9012 --- [actividad_sumativa_semana8] [           main] o.s.b.f.s.DefaultListableBeanFactory     : Creating shared instance of singleton bean 'org.springframework.boot.autoconfigure.jdbc.metadata.DataSourcePoolMetadataProvidersConfiguration$HikariPoolDataSourceMetadataProviderConfiguration'
2025-04-29T21:36:48.184-04:00 DEBUG 9012 --- [actividad_sumativa_semana8] [           main] o.s.b.f.s.DefaultListableBeanFactory     : Creating shared instance of singleton bean 'entityManagerFactoryBuilder'
2025-04-29T21:36:48.186-04:00 DEBUG 9012 --- [actividad_sumativa_semana8] [           main] o.s.b.f.s.DefaultListableBeanFactory     : Creating shared instance of singleton bean 'jpaVendorAdapter'
2025-04-29T21:36:48.284-04:00 DEBUG 9012 --- [actividad_sumativa_semana8] [           main] o.s.b.f.s.DefaultListableBeanFactory     : Autowiring by type from bean name 'entityManagerFactoryBuilder' via factory method to bean named 'jpaVendorAdapter'
2025-04-29T21:36:48.298-04:00 DEBUG 9012 --- [actividad_sumativa_semana8] [           main] o.s.b.f.s.DefaultListableBeanFactory     : Creating shared instance of singleton bean 'persistenceManagedTypes'
2025-04-29T21:36:48.301-04:00 DEBUG 9012 --- [actividad_sumativa_semana8] [           main] o.s.b.f.s.DefaultListableBeanFactory     : Autowiring by type from bean name 'persistenceManagedTypes' via factory method to bean named 'org.springframework.beans.factory.support.DefaultListableBeanFactory@715fb77'
2025-04-29T21:36:48.301-04:00 DEBUG 9012 --- [actividad_sumativa_semana8] [           main] o.s.b.f.s.DefaultListableBeanFactory     : Autowiring by type from bean name 'persistenceManagedTypes' via factory method to bean named 'org.springframework.web.context.support.GenericWebApplicationContext@2f6bbeb0'
2025-04-29T21:36:48.328-04:00 DEBUG 9012 --- [actividad_sumativa_semana8] [           main] o.s.b.f.s.DefaultListableBeanFactory     : Autowiring by type from bean name 'entityManagerFactory' via factory method to bean named 'entityManagerFactoryBuilder'
2025-04-29T21:36:48.328-04:00 DEBUG 9012 --- [actividad_sumativa_semana8] [           main] o.s.b.f.s.DefaultListableBeanFactory     : Autowiring by type from bean name 'entityManagerFactory' via factory method to bean named 'persistenceManagedTypes'
2025-04-29T21:36:48.365-04:00 DEBUG 9012 --- [actividad_sumativa_semana8] [           main] j.LocalContainerEntityManagerFactoryBean : Building JPA container EntityManagerFactory for persistence unit 'default'
2025-04-29T21:36:48.413-04:00 DEBUG 9012 --- [actividad_sumativa_semana8] [           main] o.hibernate.jpa.internal.util.LogHelper  : PersistenceUnitInfo [
	name: default
	persistence provider classname: null
	classloader: jdk.internal.loader.ClassLoaders$AppClassLoader@70dea4e
	excludeUnlistedClasses: true
	JTA datasource: null
	Non JTA datasource: HikariDataSource (null)
	Transaction type: RESOURCE_LOCAL
	PU root URL: file:/C:/Users/rodri/OneDrive/Escritorio/Actividad_Sumativa_Semana8/target/test-classes/
	Shared Cache Mode: UNSPECIFIED
	Validation Mode: AUTO
	Jar files URLs []
	Managed classes names [
		com.example.actividad_sumativa_semana8.Model.Evento
		com.example.actividad_sumativa_semana8.Model.Factura
		com.example.actividad_sumativa_semana8.Model.Participante
		com.example.actividad_sumativa_semana8.Model.Servicio]
	Mapping files names []
	Properties []
2025-04-29T21:36:48.428-04:00 DEBUG 9012 --- [actividad_sumativa_semana8] [           main] o.h.i.internal.IntegratorServiceImpl     : Adding Integrator [org.hibernate.boot.beanvalidation.BeanValidationIntegrator].
2025-04-29T21:36:48.432-04:00 DEBUG 9012 --- [actividad_sumativa_semana8] [           main] o.h.i.internal.IntegratorServiceImpl     : Adding Integrator [org.hibernate.cache.internal.CollectionCacheInvalidator].
2025-04-29T21:36:48.572-04:00  INFO 9012 --- [actividad_sumativa_semana8] [           main] org.hibernate.Version                    : HHH000412: Hibernate ORM core version 6.6.11.Final
2025-04-29T21:36:48.578-04:00 DEBUG 9012 --- [actividad_sumativa_semana8] [           main] org.hibernate.cfg.Environment            : HHH000206: 'hibernate.properties' not found
2025-04-29T21:36:48.629-04:00 DEBUG 9012 --- [actividad_sumativa_semana8] [           main] org.hibernate.orm.idgen.factory          : Registering IdentifierGenerator strategy [uuid2] -> [org.hibernate.id.UUIDGenerator]
2025-04-29T21:36:48.630-04:00 DEBUG 9012 --- [actividad_sumativa_semana8] [           main] org.hibernate.orm.idgen.factory          : Registering IdentifierGenerator strategy [guid] -> [org.hibernate.id.GUIDGenerator]
2025-04-29T21:36:48.632-04:00 DEBUG 9012 --- [actividad_sumativa_semana8] [           main] org.hibernate.orm.idgen.factory          : Registering IdentifierGenerator strategy [uuid] -> [org.hibernate.id.UUIDHexGenerator]
2025-04-29T21:36:48.632-04:00 DEBUG 9012 --- [actividad_sumativa_semana8] [           main] org.hibernate.orm.idgen.factory          : Registering IdentifierGenerator strategy [uuid.hex] -> [org.hibernate.id.UUIDHexGenerator]
2025-04-29T21:36:48.633-04:00 DEBUG 9012 --- [actividad_sumativa_semana8] [           main] org.hibernate.orm.idgen.factory          : Registering IdentifierGenerator strategy [assigned] -> [org.hibernate.id.Assigned]
2025-04-29T21:36:48.635-04:00 DEBUG 9012 --- [actividad_sumativa_semana8] [           main] org.hibernate.orm.idgen.factory          : Registering IdentifierGenerator strategy [identity] -> [org.hibernate.id.IdentityGenerator]
2025-04-29T21:36:48.636-04:00 DEBUG 9012 --- [actividad_sumativa_semana8] [           main] org.hibernate.orm.idgen.factory          : Registering IdentifierGenerator strategy [select] -> [org.hibernate.id.SelectGenerator]
2025-04-29T21:36:48.638-04:00 DEBUG 9012 --- [actividad_sumativa_semana8] [           main] org.hibernate.orm.idgen.factory          : Registering IdentifierGenerator strategy [sequence] -> [org.hibernate.id.enhanced.SequenceStyleGenerator]
2025-04-29T21:36:48.639-04:00 DEBUG 9012 --- [actividad_sumativa_semana8] [           main] org.hibernate.orm.idgen.factory          : Registering IdentifierGenerator strategy [increment] -> [org.hibernate.id.IncrementGenerator]
2025-04-29T21:36:48.640-04:00 DEBUG 9012 --- [actividad_sumativa_semana8] [           main] org.hibernate.orm.idgen.factory          : Registering IdentifierGenerator strategy [foreign] -> [org.hibernate.id.ForeignGenerator]
2025-04-29T21:36:48.640-04:00 DEBUG 9012 --- [actividad_sumativa_semana8] [           main] org.hibernate.orm.idgen.factory          : Registering IdentifierGenerator strategy [enhanced-sequence] -> [org.hibernate.id.enhanced.SequenceStyleGenerator]
2025-04-29T21:36:48.642-04:00 DEBUG 9012 --- [actividad_sumativa_semana8] [           main] org.hibernate.orm.idgen.factory          : Registering IdentifierGenerator strategy [enhanced-table] -> [org.hibernate.id.enhanced.TableGenerator]
2025-04-29T21:36:48.658-04:00 DEBUG 9012 --- [actividad_sumativa_semana8] [           main] o.h.c.internal.RegionFactoryInitiator    : Cannot default RegionFactory based on registered strategies as `[]` RegionFactory strategies were registered
2025-04-29T21:36:48.661-04:00  INFO 9012 --- [actividad_sumativa_semana8] [           main] o.h.c.internal.RegionFactoryInitiator    : HHH000026: Second-level cache disabled
2025-04-29T21:36:48.940-04:00 DEBUG 9012 --- [actividad_sumativa_semana8] [           main] org.hibernate.type.BasicTypeRegistry     : Adding type registration boolean -> org.hibernate.type.BasicTypeReference@165d1d54
2025-04-29T21:36:48.940-04:00 DEBUG 9012 --- [actividad_sumativa_semana8] [           main] org.hibernate.type.BasicTypeRegistry     : Adding type registration boolean -> org.hibernate.type.BasicTypeReference@165d1d54
2025-04-29T21:36:48.940-04:00 DEBUG 9012 --- [actividad_sumativa_semana8] [           main] org.hibernate.type.BasicTypeRegistry     : Adding type registration java.lang.Boolean -> org.hibernate.type.BasicTypeReference@165d1d54
2025-04-29T21:36:48.941-04:00 DEBUG 9012 --- [actividad_sumativa_semana8] [           main] org.hibernate.type.BasicTypeRegistry     : Adding type registration numeric_boolean -> org.hibernate.type.BasicTypeReference@4be12f6c
2025-04-29T21:36:48.941-04:00 DEBUG 9012 --- [actividad_sumativa_semana8] [           main] org.hibernate.type.BasicTypeRegistry     : Adding type registration org.hibernate.type.NumericBooleanConverter -> org.hibernate.type.BasicTypeReference@4be12f6c
2025-04-29T21:36:48.941-04:00 DEBUG 9012 --- [actividad_sumativa_semana8] [           main] org.hibernate.type.BasicTypeRegistry     : Adding type registration true_false -> org.hibernate.type.BasicTypeReference@52cb52bd
2025-04-29T21:36:48.941-04:00 DEBUG 9012 --- [actividad_sumativa_semana8] [           main] org.hibernate.type.BasicTypeRegistry     : Adding type registration org.hibernate.type.TrueFalseConverter -> org.hibernate.type.BasicTypeReference@52cb52bd
2025-04-29T21:36:48.941-04:00 DEBUG 9012 --- [actividad_sumativa_semana8] [           main] org.hibernate.type.BasicTypeRegistry     : Adding type registration yes_no -> org.hibernate.type.BasicTypeReference@1d1c37d5
2025-04-29T21:36:48.941-04:00 DEBUG 9012 --- [actividad_sumativa_semana8] [           main] org.hibernate.type.BasicTypeRegistry     : Adding type registration org.hibernate.type.YesNoConverter -> org.hibernate.type.BasicTypeReference@1d1c37d5
2025-04-29T21:36:48.941-04:00 DEBUG 9012 --- [actividad_sumativa_semana8] [           main] org.hibernate.type.BasicTypeRegistry     : Adding type registration byte -> org.hibernate.type.BasicTypeReference@63553e9f
2025-04-29T21:36:48.941-04:00 DEBUG 9012 --- [actividad_sumativa_semana8] [           main] org.hibernate.type.BasicTypeRegistry     : Adding type registration byte -> org.hibernate.type.BasicTypeReference@63553e9f
2025-04-29T21:36:48.941-04:00 DEBUG 9012 --- [actividad_sumativa_semana8] [           main] org.hibernate.type.BasicTypeRegistry     : Adding type registration java.lang.Byte -> org.hibernate.type.BasicTypeReference@63553e9f
2025-04-29T21:36:48.941-04:00 DEBUG 9012 --- [actividad_sumativa_semana8] [           main] org.hibernate.type.BasicTypeRegistry     : Adding type registration binary -> org.hibernate.type.BasicTypeReference@218df7d6
2025-04-29T21:36:48.941-04:00 DEBUG 9012 --- [actividad_sumativa_semana8] [           main] org.hibernate.type.BasicTypeRegistry     : Adding type registration byte[] -> org.hibernate.type.BasicTypeReference@218df7d6
2025-04-29T21:36:48.941-04:00 DEBUG 9012 --- [actividad_sumativa_semana8] [           main] org.hibernate.type.BasicTypeRegistry     : Adding type registration [B -> org.hibernate.type.BasicTypeReference@218df7d6
2025-04-29T21:36:48.941-04:00 DEBUG 9012 --- [actividad_sumativa_semana8] [           main] org.hibernate.type.BasicTypeRegistry     : Adding type registration binary_wrapper -> org.hibernate.type.BasicTypeReference@295b07e0
2025-04-29T21:36:48.941-04:00 DEBUG 9012 --- [actividad_sumativa_semana8] [           main] org.hibernate.type.BasicTypeRegistry     : Adding type registration wrapper-binary -> org.hibernate.type.BasicTypeReference@295b07e0
2025-04-29T21:36:48.941-04:00 DEBUG 9012 --- [actividad_sumativa_semana8] [           main] org.hibernate.type.BasicTypeRegistry     : Adding type registration image -> org.hibernate.type.BasicTypeReference@55053f81
2025-04-29T21:36:48.942-04:00 DEBUG 9012 --- [actividad_sumativa_semana8] [           main] org.hibernate.type.BasicTypeRegistry     : Adding type registration blob -> org.hibernate.type.BasicTypeReference@1fee4278
2025-04-29T21:36:48.942-04:00 DEBUG 9012 --- [actividad_sumativa_semana8] [           main] org.hibernate.type.BasicTypeRegistry     : Adding type registration java.sql.Blob -> org.hibernate.type.BasicTypeReference@1fee4278
2025-04-29T21:36:48.942-04:00 DEBUG 9012 --- [actividad_sumativa_semana8] [           main] org.hibernate.type.BasicTypeRegistry     : Adding type registration materialized_blob -> org.hibernate.type.BasicTypeReference@51132514
2025-04-29T21:36:48.942-04:00 DEBUG 9012 --- [actividad_sumativa_semana8] [           main] org.hibernate.type.BasicTypeRegistry     : Adding type registration materialized_blob_wrapper -> org.hibernate.type.BasicTypeReference@20864cd1
2025-04-29T21:36:48.942-04:00 DEBUG 9012 --- [actividad_sumativa_semana8] [           main] org.hibernate.type.BasicTypeRegistry     : Adding type registration short -> org.hibernate.type.BasicTypeReference@5c839677
2025-04-29T21:36:48.942-04:00 DEBUG 9012 --- [actividad_sumativa_semana8] [           main] org.hibernate.type.BasicTypeRegistry     : Adding type registration short -> org.hibernate.type.BasicTypeReference@5c839677
2025-04-29T21:36:48.942-04:00 DEBUG 9012 --- [actividad_sumativa_semana8] [           main] org.hibernate.type.BasicTypeRegistry     : Adding type registration java.lang.Short -> org.hibernate.type.BasicTypeReference@5c839677
2025-04-29T21:36:48.943-04:00 DEBUG 9012 --- [actividad_sumativa_semana8] [           main] org.hibernate.type.BasicTypeRegistry     : Adding type registration integer -> org.hibernate.type.BasicTypeReference@3193e21d
2025-04-29T21:36:48.943-04:00 DEBUG 9012 --- [actividad_sumativa_semana8] [           main] org.hibernate.type.BasicTypeRegistry     : Adding type registration int -> org.hibernate.type.BasicTypeReference@3193e21d
2025-04-29T21:36:48.943-04:00 DEBUG 9012 --- [actividad_sumativa_semana8] [           main] org.hibernate.type.BasicTypeRegistry     : Adding type registration java.lang.Integer -> org.hibernate.type.BasicTypeReference@3193e21d
2025-04-29T21:36:48.943-04:00 DEBUG 9012 --- [actividad_sumativa_semana8] [           main] org.hibernate.type.BasicTypeRegistry     : Adding type registration long -> org.hibernate.type.BasicTypeReference@79604abe
2025-04-29T21:36:48.943-04:00 DEBUG 9012 --- [actividad_sumativa_semana8] [           main] org.hibernate.type.BasicTypeRegistry     : Adding type registration long -> org.hibernate.type.BasicTypeReference@79604abe
2025-04-29T21:36:48.943-04:00 DEBUG 9012 --- [actividad_sumativa_semana8] [           main] org.hibernate.type.BasicTypeRegistry     : Adding type registration java.lang.Long -> org.hibernate.type.BasicTypeReference@79604abe
2025-04-29T21:36:48.943-04:00 DEBUG 9012 --- [actividad_sumativa_semana8] [           main] org.hibernate.type.BasicTypeRegistry     : Adding type registration float -> org.hibernate.type.BasicTypeReference@6b126187
2025-04-29T21:36:48.943-04:00 DEBUG 9012 --- [actividad_sumativa_semana8] [           main] org.hibernate.type.BasicTypeRegistry     : Adding type registration float -> org.hibernate.type.BasicTypeReference@6b126187
2025-04-29T21:36:48.943-04:00 DEBUG 9012 --- [actividad_sumativa_semana8] [           main] org.hibernate.type.BasicTypeRegistry     : Adding type registration java.lang.Float -> org.hibernate.type.BasicTypeReference@6b126187
2025-04-29T21:36:48.943-04:00 DEBUG 9012 --- [actividad_sumativa_semana8] [           main] org.hibernate.type.BasicTypeRegistry     : Adding type registration double -> org.hibernate.type.BasicTypeReference@2b6262bc
2025-04-29T21:36:48.943-04:00 DEBUG 9012 --- [actividad_sumativa_semana8] [           main] org.hibernate.type.BasicTypeRegistry     : Adding type registration double -> org.hibernate.type.BasicTypeReference@2b6262bc
2025-04-29T21:36:48.944-04:00 DEBUG 9012 --- [actividad_sumativa_semana8] [           main] org.hibernate.type.BasicTypeRegistry     : Adding type registration java.lang.Double -> org.hibernate.type.BasicTypeReference@2b6262bc
2025-04-29T21:36:48.944-04:00 DEBUG 9012 --- [actividad_sumativa_semana8] [           main] org.hibernate.type.BasicTypeRegistry     : Adding type registration big_integer -> org.hibernate.type.BasicTypeReference@5cffec7
2025-04-29T21:36:48.944-04:00 DEBUG 9012 --- [actividad_sumativa_semana8] [           main] org.hibernate.type.BasicTypeRegistry     : Adding type registration java.math.BigInteger -> org.hibernate.type.BasicTypeReference@5cffec7
2025-04-29T21:36:48.944-04:00 DEBUG 9012 --- [actividad_sumativa_semana8] [           main] org.hibernate.type.BasicTypeRegistry     : Adding type registration big_decimal -> org.hibernate.type.BasicTypeReference@7e81617a
2025-04-29T21:36:48.944-04:00 DEBUG 9012 --- [actividad_sumativa_semana8] [           main] org.hibernate.type.BasicTypeRegistry     : Adding type registration java.math.BigDecimal -> org.hibernate.type.BasicTypeReference@7e81617a
2025-04-29T21:36:48.944-04:00 DEBUG 9012 --- [actividad_sumativa_semana8] [           main] org.hibernate.type.BasicTypeRegistry     : Adding type registration character -> org.hibernate.type.BasicTypeReference@6e73974
2025-04-29T21:36:48.944-04:00 DEBUG 9012 --- [actividad_sumativa_semana8] [           main] org.hibernate.type.BasicTypeRegistry     : Adding type registration char -> org.hibernate.type.BasicTypeReference@6e73974
2025-04-29T21:36:48.944-04:00 DEBUG 9012 --- [actividad_sumativa_semana8] [           main] org.hibernate.type.BasicTypeRegistry     : Adding type registration java.lang.Character -> org.hibernate.type.BasicTypeReference@6e73974
2025-04-29T21:36:48.944-04:00 DEBUG 9012 --- [actividad_sumativa_semana8] [           main] org.hibernate.type.BasicTypeRegistry     : Adding type registration character_nchar -> org.hibernate.type.BasicTypeReference@3e28dc96
2025-04-29T21:36:48.944-04:00 DEBUG 9012 --- [actividad_sumativa_semana8] [           main] org.hibernate.type.BasicTypeRegistry     : Adding type registration string -> org.hibernate.type.BasicTypeReference@44eb2452
2025-04-29T21:36:48.944-04:00 DEBUG 9012 --- [actividad_sumativa_semana8] [           main] org.hibernate.type.BasicTypeRegistry     : Adding type registration java.lang.String -> org.hibernate.type.BasicTypeReference@44eb2452
2025-04-29T21:36:48.944-04:00 DEBUG 9012 --- [actividad_sumativa_semana8] [           main] org.hibernate.type.BasicTypeRegistry     : Adding type registration nstring -> org.hibernate.type.BasicTypeReference@31940704
2025-04-29T21:36:48.944-04:00 DEBUG 9012 --- [actividad_sumativa_semana8] [           main] org.hibernate.type.BasicTypeRegistry     : Adding type registration characters -> org.hibernate.type.BasicTypeReference@e07b4db
2025-04-29T21:36:48.944-04:00 DEBUG 9012 --- [actividad_sumativa_semana8] [           main] org.hibernate.type.BasicTypeRegistry     : Adding type registration char[] -> org.hibernate.type.BasicTypeReference@e07b4db
2025-04-29T21:36:48.944-04:00 DEBUG 9012 --- [actividad_sumativa_semana8] [           main] org.hibernate.type.BasicTypeRegistry     : Adding type registration [C -> org.hibernate.type.BasicTypeReference@e07b4db
2025-04-29T21:36:48.945-04:00 DEBUG 9012 --- [actividad_sumativa_semana8] [           main] org.hibernate.type.BasicTypeRegistry     : Adding type registration wrapper-characters -> org.hibernate.type.BasicTypeReference@76b305e1
2025-04-29T21:36:48.945-04:00 DEBUG 9012 --- [actividad_sumativa_semana8] [           main] org.hibernate.type.BasicTypeRegistry     : Adding type registration text -> org.hibernate.type.BasicTypeReference@6be766d1
2025-04-29T21:36:48.945-04:00 DEBUG 9012 --- [actividad_sumativa_semana8] [           main] org.hibernate.type.BasicTypeRegistry     : Adding type registration ntext -> org.hibernate.type.BasicTypeReference@7adae08e
2025-04-29T21:36:48.945-04:00 DEBUG 9012 --- [actividad_sumativa_semana8] [           main] org.hibernate.type.BasicTypeRegistry     : Adding type registration clob -> org.hibernate.type.BasicTypeReference@49c83262
2025-04-29T21:36:48.945-04:00 DEBUG 9012 --- [actividad_sumativa_semana8] [           main] org.hibernate.type.BasicTypeRegistry     : Adding type registration java.sql.Clob -> org.hibernate.type.BasicTypeReference@49c83262
2025-04-29T21:36:48.945-04:00 DEBUG 9012 --- [actividad_sumativa_semana8] [           main] org.hibernate.type.BasicTypeRegistry     : Adding type registration nclob -> org.hibernate.type.BasicTypeReference@273aaab7
2025-04-29T21:36:48.945-04:00 DEBUG 9012 --- [actividad_sumativa_semana8] [           main] org.hibernate.type.BasicTypeRegistry     : Adding type registration java.sql.NClob -> org.hibernate.type.BasicTypeReference@273aaab7
2025-04-29T21:36:48.945-04:00 DEBUG 9012 --- [actividad_sumativa_semana8] [           main] org.hibernate.type.BasicTypeRegistry     : Adding type registration materialized_clob -> org.hibernate.type.BasicTypeReference@77bb916f
2025-04-29T21:36:48.945-04:00 DEBUG 9012 --- [actividad_sumativa_semana8] [           main] org.hibernate.type.BasicTypeRegistry     : Adding type registration materialized_clob_char_array -> org.hibernate.type.BasicTypeReference@5a48d186
2025-04-29T21:36:48.945-04:00 DEBUG 9012 --- [actividad_sumativa_semana8] [           main] org.hibernate.type.BasicTypeRegistry     : Adding type registration materialized_clob_character_array -> org.hibernate.type.BasicTypeReference@521ba38f
2025-04-29T21:36:48.945-04:00 DEBUG 9012 --- [actividad_sumativa_semana8] [           main] org.hibernate.type.BasicTypeRegistry     : Adding type registration materialized_nclob -> org.hibernate.type.BasicTypeReference@2086d469
2025-04-29T21:36:48.945-04:00 DEBUG 9012 --- [actividad_sumativa_semana8] [           main] org.hibernate.type.BasicTypeRegistry     : Adding type registration materialized_nclob_character_array -> org.hibernate.type.BasicTypeReference@b1d19ff
2025-04-29T21:36:48.945-04:00 DEBUG 9012 --- [actividad_sumativa_semana8] [           main] org.hibernate.type.BasicTypeRegistry     : Adding type registration materialized_nclob_char_array -> org.hibernate.type.BasicTypeReference@17c53dfb
2025-04-29T21:36:48.945-04:00 DEBUG 9012 --- [actividad_sumativa_semana8] [           main] org.hibernate.type.BasicTypeRegistry     : Adding type registration Duration -> org.hibernate.type.BasicTypeReference@184de357
2025-04-29T21:36:48.946-04:00 DEBUG 9012 --- [actividad_sumativa_semana8] [           main] org.hibernate.type.BasicTypeRegistry     : Adding type registration java.time.Duration -> org.hibernate.type.BasicTypeReference@184de357
2025-04-29T21:36:48.946-04:00 DEBUG 9012 --- [actividad_sumativa_semana8] [           main] org.hibernate.type.BasicTypeRegistry     : Adding type registration LocalDateTime -> org.hibernate.type.BasicTypeReference@efe49ab
2025-04-29T21:36:48.946-04:00 DEBUG 9012 --- [actividad_sumativa_semana8] [           main] org.hibernate.type.BasicTypeRegistry     : Adding type registration java.time.LocalDateTime -> org.hibernate.type.BasicTypeReference@efe49ab
2025-04-29T21:36:48.946-04:00 DEBUG 9012 --- [actividad_sumativa_semana8] [           main] org.hibernate.type.BasicTypeRegistry     : Adding type registration LocalDate -> org.hibernate.type.BasicTypeReference@6dcf7b6a
2025-04-29T21:36:48.946-04:00 DEBUG 9012 --- [actividad_sumativa_semana8] [           main] org.hibernate.type.BasicTypeRegistry     : Adding type registration java.time.LocalDate -> org.hibernate.type.BasicTypeReference@6dcf7b6a
2025-04-29T21:36:48.946-04:00 DEBUG 9012 --- [actividad_sumativa_semana8] [           main] org.hibernate.type.BasicTypeRegistry     : Adding type registration LocalTime -> org.hibernate.type.BasicTypeReference@53dba9cd
2025-04-29T21:36:48.946-04:00 DEBUG 9012 --- [actividad_sumativa_semana8] [           main] org.hibernate.type.BasicTypeRegistry     : Adding type registration java.time.LocalTime -> org.hibernate.type.BasicTypeReference@53dba9cd
2025-04-29T21:36:48.946-04:00 DEBUG 9012 --- [actividad_sumativa_semana8] [           main] org.hibernate.type.BasicTypeRegistry     : Adding type registration OffsetDateTime -> org.hibernate.type.BasicTypeReference@247bbfba
2025-04-29T21:36:48.946-04:00 DEBUG 9012 --- [actividad_sumativa_semana8] [           main] org.hibernate.type.BasicTypeRegistry     : Adding type registration java.time.OffsetDateTime -> org.hibernate.type.BasicTypeReference@247bbfba
2025-04-29T21:36:48.946-04:00 DEBUG 9012 --- [actividad_sumativa_semana8] [           main] org.hibernate.type.BasicTypeRegistry     : Adding type registration OffsetDateTimeWithTimezone -> org.hibernate.type.BasicTypeReference@5834198f
2025-04-29T21:36:48.946-04:00 DEBUG 9012 --- [actividad_sumativa_semana8] [           main] org.hibernate.type.BasicTypeRegistry     : Adding type registration OffsetDateTimeWithoutTimezone -> org.hibernate.type.BasicTypeReference@4eb63dc8
2025-04-29T21:36:48.946-04:00 DEBUG 9012 --- [actividad_sumativa_semana8] [           main] org.hibernate.type.BasicTypeRegistry     : Adding type registration OffsetTime -> org.hibernate.type.BasicTypeReference@402d6012
2025-04-29T21:36:48.946-04:00 DEBUG 9012 --- [actividad_sumativa_semana8] [           main] org.hibernate.type.BasicTypeRegistry     : Adding type registration java.time.OffsetTime -> org.hibernate.type.BasicTypeReference@402d6012
2025-04-29T21:36:48.946-04:00 DEBUG 9012 --- [actividad_sumativa_semana8] [           main] org.hibernate.type.BasicTypeRegistry     : Adding type registration OffsetTimeUtc -> org.hibernate.type.BasicTypeReference@395281c2
2025-04-29T21:36:48.946-04:00 DEBUG 9012 --- [actividad_sumativa_semana8] [           main] org.hibernate.type.BasicTypeRegistry     : Adding type registration OffsetTimeWithTimezone -> org.hibernate.type.BasicTypeReference@41d20f06
2025-04-29T21:36:48.946-04:00 DEBUG 9012 --- [actividad_sumativa_semana8] [           main] org.hibernate.type.BasicTypeRegistry     : Adding type registration OffsetTimeWithoutTimezone -> org.hibernate.type.BasicTypeReference@3e753289
2025-04-29T21:36:48.946-04:00 DEBUG 9012 --- [actividad_sumativa_semana8] [           main] org.hibernate.type.BasicTypeRegistry     : Adding type registration ZonedDateTime -> org.hibernate.type.BasicTypeReference@1573e8a5
2025-04-29T21:36:48.946-04:00 DEBUG 9012 --- [actividad_sumativa_semana8] [           main] org.hibernate.type.BasicTypeRegistry     : Adding type registration java.time.ZonedDateTime -> org.hibernate.type.BasicTypeReference@1573e8a5
2025-04-29T21:36:48.946-04:00 DEBUG 9012 --- [actividad_sumativa_semana8] [           main] org.hibernate.type.BasicTypeRegistry     : Adding type registration ZonedDateTimeWithTimezone -> org.hibernate.type.BasicTypeReference@38022758
2025-04-29T21:36:48.946-04:00 DEBUG 9012 --- [actividad_sumativa_semana8] [           main] org.hibernate.type.BasicTypeRegistry     : Adding type registration ZonedDateTimeWithoutTimezone -> org.hibernate.type.BasicTypeReference@69f9b561
2025-04-29T21:36:48.946-04:00 DEBUG 9012 --- [actividad_sumativa_semana8] [           main] org.hibernate.type.BasicTypeRegistry     : Adding type registration date -> org.hibernate.type.BasicTypeReference@7e8f23ad
2025-04-29T21:36:48.946-04:00 DEBUG 9012 --- [actividad_sumativa_semana8] [           main] org.hibernate.type.BasicTypeRegistry     : Adding type registration java.sql.Date -> org.hibernate.type.BasicTypeReference@7e8f23ad
2025-04-29T21:36:48.948-04:00 DEBUG 9012 --- [actividad_sumativa_semana8] [           main] org.hibernate.type.BasicTypeRegistry     : Adding type registration time -> org.hibernate.type.BasicTypeReference@7433ca19
2025-04-29T21:36:48.948-04:00 DEBUG 9012 --- [actividad_sumativa_semana8] [           main] org.hibernate.type.BasicTypeRegistry     : Adding type registration java.sql.Time -> org.hibernate.type.BasicTypeReference@7433ca19
2025-04-29T21:36:48.948-04:00 DEBUG 9012 --- [actividad_sumativa_semana8] [           main] org.hibernate.type.BasicTypeRegistry     : Adding type registration timestamp -> org.hibernate.type.BasicTypeReference@5d221b20
2025-04-29T21:36:48.948-04:00 DEBUG 9012 --- [actividad_sumativa_semana8] [           main] org.hibernate.type.BasicTypeRegistry     : Adding type registration java.sql.Timestamp -> org.hibernate.type.BasicTypeReference@5d221b20
2025-04-29T21:36:48.948-04:00 DEBUG 9012 --- [actividad_sumativa_semana8] [           main] org.hibernate.type.BasicTypeRegistry     : Adding type registration java.util.Date -> org.hibernate.type.BasicTypeReference@5d221b20
2025-04-29T21:36:48.948-04:00 DEBUG 9012 --- [actividad_sumativa_semana8] [           main] org.hibernate.type.BasicTypeRegistry     : Adding type registration calendar -> org.hibernate.type.BasicTypeReference@79d4ff58
2025-04-29T21:36:48.948-04:00 DEBUG 9012 --- [actividad_sumativa_semana8] [           main] org.hibernate.type.BasicTypeRegistry     : Adding type registration java.util.Calendar -> org.hibernate.type.BasicTypeReference@79d4ff58
2025-04-29T21:36:48.948-04:00 DEBUG 9012 --- [actividad_sumativa_semana8] [           main] org.hibernate.type.BasicTypeRegistry     : Adding type registration java.util.GregorianCalendar -> org.hibernate.type.BasicTypeReference@79d4ff58
2025-04-29T21:36:48.949-04:00 DEBUG 9012 --- [actividad_sumativa_semana8] [           main] org.hibernate.type.BasicTypeRegistry     : Adding type registration calendar_date -> org.hibernate.type.BasicTypeReference@7ec13984
2025-04-29T21:36:48.949-04:00 DEBUG 9012 --- [actividad_sumativa_semana8] [           main] org.hibernate.type.BasicTypeRegistry     : Adding type registration calendar_time -> org.hibernate.type.BasicTypeReference@59fea5f5
2025-04-29T21:36:48.949-04:00 DEBUG 9012 --- [actividad_sumativa_semana8] [           main] org.hibernate.type.BasicTypeRegistry     : Adding type registration instant -> org.hibernate.type.BasicTypeReference@78eafad
2025-04-29T21:36:48.949-04:00 DEBUG 9012 --- [actividad_sumativa_semana8] [           main] org.hibernate.type.BasicTypeRegistry     : Adding type registration java.time.Instant -> org.hibernate.type.BasicTypeReference@78eafad
2025-04-29T21:36:48.949-04:00 DEBUG 9012 --- [actividad_sumativa_semana8] [           main] org.hibernate.type.BasicTypeRegistry     : Adding type registration uuid -> org.hibernate.type.BasicTypeReference@70f4abc1
2025-04-29T21:36:48.949-04:00 DEBUG 9012 --- [actividad_sumativa_semana8] [           main] org.hibernate.type.BasicTypeRegistry     : Adding type registration java.util.UUID -> org.hibernate.type.BasicTypeReference@70f4abc1
2025-04-29T21:36:48.949-04:00 DEBUG 9012 --- [actividad_sumativa_semana8] [           main] org.hibernate.type.BasicTypeRegistry     : Adding type registration pg-uuid -> org.hibernate.type.BasicTypeReference@70f4abc1
2025-04-29T21:36:48.949-04:00 DEBUG 9012 --- [actividad_sumativa_semana8] [           main] org.hibernate.type.BasicTypeRegistry     : Adding type registration uuid-binary -> org.hibernate.type.BasicTypeReference@26d028f7
2025-04-29T21:36:48.949-04:00 DEBUG 9012 --- [actividad_sumativa_semana8] [           main] org.hibernate.type.BasicTypeRegistry     : Adding type registration uuid-char -> org.hibernate.type.BasicTypeReference@a2df0d5
2025-04-29T21:36:48.949-04:00 DEBUG 9012 --- [actividad_sumativa_semana8] [           main] org.hibernate.type.BasicTypeRegistry     : Adding type registration class -> org.hibernate.type.BasicTypeReference@782cc5fa
2025-04-29T21:36:48.949-04:00 DEBUG 9012 --- [actividad_sumativa_semana8] [           main] org.hibernate.type.BasicTypeRegistry     : Adding type registration java.lang.Class -> org.hibernate.type.BasicTypeReference@782cc5fa
2025-04-29T21:36:48.949-04:00 DEBUG 9012 --- [actividad_sumativa_semana8] [           main] org.hibernate.type.BasicTypeRegistry     : Adding type registration currency -> org.hibernate.type.BasicTypeReference@2dd3d39d
2025-04-29T21:36:48.950-04:00 DEBUG 9012 --- [actividad_sumativa_semana8] [           main] org.hibernate.type.BasicTypeRegistry     : Adding type registration Currency -> org.hibernate.type.BasicTypeReference@2dd3d39d
2025-04-29T21:36:48.950-04:00 DEBUG 9012 --- [actividad_sumativa_semana8] [           main] org.hibernate.type.BasicTypeRegistry     : Adding type registration java.util.Currency -> org.hibernate.type.BasicTypeReference@2dd3d39d
2025-04-29T21:36:48.950-04:00 DEBUG 9012 --- [actividad_sumativa_semana8] [           main] org.hibernate.type.BasicTypeRegistry     : Adding type registration locale -> org.hibernate.type.BasicTypeReference@ae3c140
2025-04-29T21:36:48.950-04:00 DEBUG 9012 --- [actividad_sumativa_semana8] [           main] org.hibernate.type.BasicTypeRegistry     : Adding type registration java.util.Locale -> org.hibernate.type.BasicTypeReference@ae3c140
2025-04-29T21:36:48.950-04:00 DEBUG 9012 --- [actividad_sumativa_semana8] [           main] org.hibernate.type.BasicTypeRegistry     : Adding type registration serializable -> org.hibernate.type.BasicTypeReference@6f2d3391
2025-04-29T21:36:48.950-04:00 DEBUG 9012 --- [actividad_sumativa_semana8] [           main] org.hibernate.type.BasicTypeRegistry     : Adding type registration java.io.Serializable -> org.hibernate.type.BasicTypeReference@6f2d3391
2025-04-29T21:36:48.950-04:00 DEBUG 9012 --- [actividad_sumativa_semana8] [           main] org.hibernate.type.BasicTypeRegistry     : Adding type registration timezone -> org.hibernate.type.BasicTypeReference@71b0289b
2025-04-29T21:36:48.950-04:00 DEBUG 9012 --- [actividad_sumativa_semana8] [           main] org.hibernate.type.BasicTypeRegistry     : Adding type registration java.util.TimeZone -> org.hibernate.type.BasicTypeReference@71b0289b
2025-04-29T21:36:48.950-04:00 DEBUG 9012 --- [actividad_sumativa_semana8] [           main] org.hibernate.type.BasicTypeRegistry     : Adding type registration ZoneOffset -> org.hibernate.type.BasicTypeReference@42cc420b
2025-04-29T21:36:48.950-04:00 DEBUG 9012 --- [actividad_sumativa_semana8] [           main] org.hibernate.type.BasicTypeRegistry     : Adding type registration java.time.ZoneOffset -> org.hibernate.type.BasicTypeReference@42cc420b
2025-04-29T21:36:48.950-04:00 DEBUG 9012 --- [actividad_sumativa_semana8] [           main] org.hibernate.type.BasicTypeRegistry     : Adding type registration url -> org.hibernate.type.BasicTypeReference@563172d3
2025-04-29T21:36:48.950-04:00 DEBUG 9012 --- [actividad_sumativa_semana8] [           main] org.hibernate.type.BasicTypeRegistry     : Adding type registration java.net.URL -> org.hibernate.type.BasicTypeReference@563172d3
2025-04-29T21:36:48.950-04:00 DEBUG 9012 --- [actividad_sumativa_semana8] [           main] org.hibernate.type.BasicTypeRegistry     : Adding type registration vector -> org.hibernate.type.BasicTypeReference@5086623f
2025-04-29T21:36:48.950-04:00 DEBUG 9012 --- [actividad_sumativa_semana8] [           main] org.hibernate.type.BasicTypeRegistry     : Adding type registration float_vector -> org.hibernate.type.BasicTypeReference@20027c44
2025-04-29T21:36:48.951-04:00 DEBUG 9012 --- [actividad_sumativa_semana8] [           main] org.hibernate.type.BasicTypeRegistry     : Adding type registration double_vector -> org.hibernate.type.BasicTypeReference@7eae55
2025-04-29T21:36:48.951-04:00 DEBUG 9012 --- [actividad_sumativa_semana8] [           main] org.hibernate.type.BasicTypeRegistry     : Adding type registration byte_vector -> org.hibernate.type.BasicTypeReference@5d84e363
2025-04-29T21:36:48.951-04:00 DEBUG 9012 --- [actividad_sumativa_semana8] [           main] org.hibernate.type.BasicTypeRegistry     : Adding type registration row_version -> org.hibernate.type.BasicTypeReference@3ef0e576
2025-04-29T21:36:48.956-04:00 DEBUG 9012 --- [actividad_sumativa_semana8] [           main] org.hibernate.type.BasicTypeRegistry     : Adding type registration object -> org.hibernate.type.JavaObjectType@194b9783
2025-04-29T21:36:48.956-04:00 DEBUG 9012 --- [actividad_sumativa_semana8] [           main] org.hibernate.type.BasicTypeRegistry     : Adding type registration java.lang.Object -> org.hibernate.type.JavaObjectType@194b9783
2025-04-29T21:36:48.958-04:00 DEBUG 9012 --- [actividad_sumativa_semana8] [           main] org.hibernate.type.BasicTypeRegistry     : Adding type registration null -> org.hibernate.type.NullType@60652518
2025-04-29T21:36:48.959-04:00 DEBUG 9012 --- [actividad_sumativa_semana8] [           main] org.hibernate.type.BasicTypeRegistry     : Adding type registration imm_date -> org.hibernate.type.BasicTypeReference@438aaa9f
2025-04-29T21:36:48.960-04:00 DEBUG 9012 --- [actividad_sumativa_semana8] [           main] org.hibernate.type.BasicTypeRegistry     : Adding type registration imm_time -> org.hibernate.type.BasicTypeReference@3f06ebe0
2025-04-29T21:36:48.960-04:00 DEBUG 9012 --- [actividad_sumativa_semana8] [           main] org.hibernate.type.BasicTypeRegistry     : Adding type registration imm_timestamp -> org.hibernate.type.BasicTypeReference@1752e45c
2025-04-29T21:36:48.960-04:00 DEBUG 9012 --- [actividad_sumativa_semana8] [           main] org.hibernate.type.BasicTypeRegistry     : Adding type registration imm_calendar -> org.hibernate.type.BasicTypeReference@5ed65e4b
2025-04-29T21:36:48.960-04:00 DEBUG 9012 --- [actividad_sumativa_semana8] [           main] org.hibernate.type.BasicTypeRegistry     : Adding type registration imm_calendar_date -> org.hibernate.type.BasicTypeReference@481ed95c
2025-04-29T21:36:48.960-04:00 DEBUG 9012 --- [actividad_sumativa_semana8] [           main] org.hibernate.type.BasicTypeRegistry     : Adding type registration imm_calendar_time -> org.hibernate.type.BasicTypeReference@40cf6254
2025-04-29T21:36:48.960-04:00 DEBUG 9012 --- [actividad_sumativa_semana8] [           main] org.hibernate.type.BasicTypeRegistry     : Adding type registration imm_binary -> org.hibernate.type.BasicTypeReference@40bf0e15
2025-04-29T21:36:48.961-04:00 DEBUG 9012 --- [actividad_sumativa_semana8] [           main] org.hibernate.type.BasicTypeRegistry     : Adding type registration imm_serializable -> org.hibernate.type.BasicTypeReference@2c77344f
2025-04-29T21:36:48.968-04:00 DEBUG 9012 --- [actividad_sumativa_semana8] [           main] o.h.boot.internal.BootstrapContextImpl   : Injecting JPA temp ClassLoader [org.springframework.instrument.classloading.SimpleThrowawayClassLoader@2913ca3e] into BootstrapContext; was [null]
2025-04-29T21:36:48.968-04:00 DEBUG 9012 --- [actividad_sumativa_semana8] [           main] o.h.boot.internal.ClassLoaderAccessImpl  : ClassLoaderAccessImpl#injectTempClassLoader(org.springframework.instrument.classloading.SimpleThrowawayClassLoader@2913ca3e) [was null]
2025-04-29T21:36:48.968-04:00 DEBUG 9012 --- [actividad_sumativa_semana8] [           main] o.h.boot.internal.BootstrapContextImpl   : Injecting ScanEnvironment [org.hibernate.jpa.boot.internal.StandardJpaScanEnvironmentImpl@7dd3981e] into BootstrapContext; was [null]
2025-04-29T21:36:48.968-04:00 DEBUG 9012 --- [actividad_sumativa_semana8] [           main] o.h.boot.internal.BootstrapContextImpl   : Injecting ScanOptions [org.hibernate.boot.archive.scan.internal.StandardScanOptions@59313495] into BootstrapContext; was [org.hibernate.boot.archive.scan.internal.StandardScanOptions@4a04ca74]
2025-04-29T21:36:48.994-04:00 DEBUG 9012 --- [actividad_sumativa_semana8] [           main] o.h.j.b.i.PersistenceUnitInfoDescriptor  : Pushing class transformers for PU named 'default' on loading classloader jdk.internal.loader.ClassLoaders$AppClassLoader@70dea4e
2025-04-29T21:36:49.348-04:00  INFO 9012 --- [actividad_sumativa_semana8] [           main] o.s.o.j.p.SpringPersistenceUnitInfo      : No LoadTimeWeaver setup: ignoring JPA class transformer
2025-04-29T21:36:49.349-04:00 DEBUG 9012 --- [actividad_sumativa_semana8] [           main] o.h.boot.internal.BootstrapContextImpl   : Injecting JPA temp ClassLoader [null] into BootstrapContext; was [org.springframework.instrument.classloading.SimpleThrowawayClassLoader@2913ca3e]
2025-04-29T21:36:49.349-04:00 DEBUG 9012 --- [actividad_sumativa_semana8] [           main] o.h.boot.internal.ClassLoaderAccessImpl  : ClassLoaderAccessImpl#injectTempClassLoader(null) [was org.springframework.instrument.classloading.SimpleThrowawayClassLoader@2913ca3e]
2025-04-29T21:36:49.403-04:00  INFO 9012 --- [actividad_sumativa_semana8] [           main] com.zaxxer.hikari.HikariDataSource       : HikariPool-1 - Starting...
2025-04-29T21:36:50.852-04:00  INFO 9012 --- [actividad_sumativa_semana8] [           main] com.zaxxer.hikari.pool.HikariPool        : HikariPool-1 - Added connection oracle.jdbc.driver.T4CConnection@26d7cb0d
2025-04-29T21:36:50.855-04:00  INFO 9012 --- [actividad_sumativa_semana8] [           main] com.zaxxer.hikari.HikariDataSource       : HikariPool-1 - Start completed.
2025-04-29T21:36:50.873-04:00 DEBUG 9012 --- [actividad_sumativa_semana8] [           main] o.h.e.j.e.i.JdbcEnvironmentInitiator     : Database ->
	   name : Oracle
	version : Oracle Database 19c Enterprise Edition Release 19.0.0.0.0 - Production
Version 19.27.0.1.0
	  major : 19
	  minor : 27
2025-04-29T21:36:50.873-04:00 DEBUG 9012 --- [actividad_sumativa_semana8] [           main] o.h.e.j.e.i.JdbcEnvironmentInitiator     : Driver ->
	   name : Oracle JDBC driver
	version : 23.5.0.24.07
	  major : 23
	  minor : 5
2025-04-29T21:36:50.873-04:00 DEBUG 9012 --- [actividad_sumativa_semana8] [           main] o.h.e.j.e.i.JdbcEnvironmentInitiator     : JDBC version : 4.3
2025-04-29T21:36:51.421-04:00  WARN 9012 --- [actividad_sumativa_semana8] [           main] org.hibernate.orm.deprecation            : HHH90000025: OracleDialect does not need to be specified explicitly using 'hibernate.dialect' (remove the property setting and it will be selected by default)
2025-04-29T21:36:51.423-04:00 DEBUG 9012 --- [actividad_sumativa_semana8] [           main] org.hibernate.orm.dialect                : HHH035001: Using dialect: org.hibernate.dialect.OracleDialect, version: 19.27
2025-04-29T21:36:51.525-04:00  INFO 9012 --- [actividad_sumativa_semana8] [           main] org.hibernate.orm.connections.pooling    : HHH10001005: Database info:
	Database JDBC URL [Connecting through datasource 'HikariDataSource (HikariPool-1)']
	Database driver: undefined/unknown
	Database version: 19.27
	Autocommit mode: undefined/unknown
	Isolation level: undefined/unknown
	Minimum pool size: undefined/unknown
	Maximum pool size: undefined/unknown
2025-04-29T21:36:51.548-04:00 DEBUG 9012 --- [actividad_sumativa_semana8] [           main] o.h.t.d.jdbc.spi.JdbcTypeRegistry        : addDescriptor(NCharTypeDescriptor) replaced previous registration(CharTypeDescriptor)
2025-04-29T21:36:51.548-04:00 DEBUG 9012 --- [actividad_sumativa_semana8] [           main] o.h.t.d.jdbc.spi.JdbcTypeRegistry        : addDescriptor(NVarcharTypeDescriptor) replaced previous registration(VarcharTypeDescriptor)
2025-04-29T21:36:51.550-04:00 DEBUG 9012 --- [actividad_sumativa_semana8] [           main] o.h.t.d.jdbc.spi.JdbcTypeRegistry        : addDescriptor(LongNVarcharTypeDescriptor) replaced previous registration(LongVarcharTypeDescriptor)
2025-04-29T21:36:51.560-04:00 DEBUG 9012 --- [actividad_sumativa_semana8] [           main] o.h.t.d.jdbc.spi.JdbcTypeRegistry        : addDescriptor(NClobTypeDescriptor(DEFAULT)) replaced previous registration(ClobTypeDescriptor(DEFAULT))
2025-04-29T21:36:51.563-04:00 DEBUG 9012 --- [actividad_sumativa_semana8] [           main] o.h.t.d.jdbc.spi.JdbcTypeRegistry        : addDescriptor(BooleanTypeDescriptor) replaced previous registration(BooleanTypeDescriptor)
2025-04-29T21:36:51.595-04:00 DEBUG 9012 --- [actividad_sumativa_semana8] [           main] org.hibernate.type.BasicTypeRegistry     : Adding type registration null -> org.hibernate.type.NullType@988c126
2025-04-29T21:36:51.597-04:00 DEBUG 9012 --- [actividad_sumativa_semana8] [           main] org.hibernate.type.BasicTypeRegistry     : Type registration key [null] overrode previous entry : `org.hibernate.type.NullType@60652518`
2025-04-29T21:36:51.598-04:00 DEBUG 9012 --- [actividad_sumativa_semana8] [           main] org.hibernate.type.BasicTypeRegistry     : Adding type registration JAVA_OBJECT -> org.hibernate.type.JavaObjectType@483fe83a
2025-04-29T21:36:51.598-04:00 DEBUG 9012 --- [actividad_sumativa_semana8] [           main] org.hibernate.type.BasicTypeRegistry     : Adding type registration java.lang.Object -> org.hibernate.type.JavaObjectType@483fe83a
2025-04-29T21:36:51.598-04:00 DEBUG 9012 --- [actividad_sumativa_semana8] [           main] org.hibernate.type.BasicTypeRegistry     : Type registration key [java.lang.Object] overrode previous entry : `org.hibernate.type.JavaObjectType@194b9783`
2025-04-29T21:36:51.604-04:00 DEBUG 9012 --- [actividad_sumativa_semana8] [           main] org.hibernate.type.BasicTypeRegistry     : Adding type registration org.hibernate.type.DurationType -> basicType@1(java.time.Duration,3015)
2025-04-29T21:36:51.605-04:00 DEBUG 9012 --- [actividad_sumativa_semana8] [           main] org.hibernate.type.BasicTypeRegistry     : Adding type registration Duration -> basicType@1(java.time.Duration,3015)
2025-04-29T21:36:51.605-04:00 DEBUG 9012 --- [actividad_sumativa_semana8] [           main] org.hibernate.type.BasicTypeRegistry     : Adding type registration java.time.Duration -> basicType@1(java.time.Duration,3015)
2025-04-29T21:36:51.611-04:00 DEBUG 9012 --- [actividad_sumativa_semana8] [           main] o.h.type.spi.TypeConfiguration$Scope     : Scoping TypeConfiguration [org.hibernate.type.spi.TypeConfiguration@510e6b93] to MetadataBuildingContext [org.hibernate.boot.internal.MetadataBuildingContextRootImpl@129e45eb]
2025-04-29T21:36:51.740-04:00 DEBUG 9012 --- [actividad_sumativa_semana8] [           main] o.h.boot.model.relational.Namespace      : Created database namespace [logicalName=Name{catalog=null, schema=null}, physicalName=Name{catalog=null, schema=null}]
2025-04-29T21:36:51.797-04:00 DEBUG 9012 --- [actividad_sumativa_semana8] [           main] o.h.boot.model.internal.EntityBinder     : Binding entity from annotated class: com.example.actividad_sumativa_semana8.Model.Evento
2025-04-29T21:36:51.813-04:00 DEBUG 9012 --- [actividad_sumativa_semana8] [           main] o.h.boot.model.internal.EntityBinder     : Import with entity name Evento
2025-04-29T21:36:51.828-04:00 DEBUG 9012 --- [actividad_sumativa_semana8] [           main] o.h.boot.model.internal.EntityBinder     : Bind entity com.example.actividad_sumativa_semana8.Model.Evento on table evento
2025-04-29T21:36:51.856-04:00 DEBUG 9012 --- [actividad_sumativa_semana8] [           main] o.h.boot.model.internal.AnnotatedColumn  : Binding column: AnnotatedDiscriminatorColumn(column='DTYPE')
2025-04-29T21:36:51.898-04:00 DEBUG 9012 --- [actividad_sumativa_semana8] [           main] o.h.boot.model.internal.AnnotatedColumn  : Binding column: AnnotatedColumn()
2025-04-29T21:36:51.899-04:00 DEBUG 9012 --- [actividad_sumativa_semana8] [           main] o.h.boot.internal.ClassLoaderAccessImpl  : Not known whether passed class name [com.example.actividad_sumativa_semana8.Model.Evento] is safe
2025-04-29T21:36:51.900-04:00 DEBUG 9012 --- [actividad_sumativa_semana8] [           main] o.h.boot.internal.ClassLoaderAccessImpl  : No temp ClassLoader provided; using live ClassLoader for loading potentially unsafe class : com.example.actividad_sumativa_semana8.Model.Evento
2025-04-29T21:36:51.907-04:00 DEBUG 9012 --- [actividad_sumativa_semana8] [           main] o.h.boot.model.internal.PropertyBinder   : MetadataSourceProcessor property id with lazy=false
2025-04-29T21:36:51.923-04:00 DEBUG 9012 --- [actividad_sumativa_semana8] [           main] o.h.b.m.internal.AbstractPropertyHolder  : Attempting to locate auto-apply AttributeConverter for property [com.example.actividad_sumativa_semana8.Model.Evento:id]
2025-04-29T21:36:51.931-04:00 DEBUG 9012 --- [actividad_sumativa_semana8] [           main] o.h.b.model.internal.BasicValueBinder    : building BasicValue for id
2025-04-29T21:36:51.936-04:00 DEBUG 9012 --- [actividad_sumativa_semana8] [           main] org.hibernate.mapping.BasicValue         : Skipping column re-registration: evento.id
2025-04-29T21:36:51.939-04:00 DEBUG 9012 --- [actividad_sumativa_semana8] [           main] o.h.boot.model.internal.PropertyBinder   : Building property id
2025-04-29T21:36:51.948-04:00 DEBUG 9012 --- [actividad_sumativa_semana8] [           main] o.h.boot.model.internal.BinderHelper     : #makeIdGenerator(BasicValue([Column(id)]), id, identity, , ...)
2025-04-29T21:36:51.950-04:00 DEBUG 9012 --- [actividad_sumativa_semana8] [           main] o.h.boot.model.internal.AnnotatedColumn  : Binding column: AnnotatedColumn()
2025-04-29T21:36:51.951-04:00 DEBUG 9012 --- [actividad_sumativa_semana8] [           main] o.h.boot.model.internal.PropertyBinder   : MetadataSourceProcessor property descripcion with lazy=false
2025-04-29T21:36:51.951-04:00 DEBUG 9012 --- [actividad_sumativa_semana8] [           main] o.h.b.m.internal.AbstractPropertyHolder  : Attempting to locate auto-apply AttributeConverter for property [com.example.actividad_sumativa_semana8.Model.Evento:descripcion]
2025-04-29T21:36:51.951-04:00 DEBUG 9012 --- [actividad_sumativa_semana8] [           main] o.h.b.model.internal.BasicValueBinder    : building BasicValue for descripcion
2025-04-29T21:36:51.951-04:00 DEBUG 9012 --- [actividad_sumativa_semana8] [           main] org.hibernate.mapping.BasicValue         : Skipping column re-registration: evento.descripcion
2025-04-29T21:36:51.951-04:00 DEBUG 9012 --- [actividad_sumativa_semana8] [           main] o.h.boot.model.internal.PropertyBinder   : Building property descripcion
2025-04-29T21:36:51.952-04:00 DEBUG 9012 --- [actividad_sumativa_semana8] [           main] o.h.boot.model.internal.AnnotatedColumn  : Binding column: AnnotatedColumn()
2025-04-29T21:36:51.952-04:00 DEBUG 9012 --- [actividad_sumativa_semana8] [           main] o.h.boot.model.internal.PropertyBinder   : MetadataSourceProcessor property fecha with lazy=false
2025-04-29T21:36:51.952-04:00 DEBUG 9012 --- [actividad_sumativa_semana8] [           main] o.h.b.m.internal.AbstractPropertyHolder  : Attempting to locate auto-apply AttributeConverter for property [com.example.actividad_sumativa_semana8.Model.Evento:fecha]
2025-04-29T21:36:51.952-04:00 DEBUG 9012 --- [actividad_sumativa_semana8] [           main] o.h.b.model.internal.BasicValueBinder    : building BasicValue for fecha
2025-04-29T21:36:51.952-04:00 DEBUG 9012 --- [actividad_sumativa_semana8] [           main] org.hibernate.mapping.BasicValue         : Skipping column re-registration: evento.fecha
2025-04-29T21:36:51.952-04:00 DEBUG 9012 --- [actividad_sumativa_semana8] [           main] o.h.boot.model.internal.PropertyBinder   : Building property fecha
2025-04-29T21:36:51.953-04:00 DEBUG 9012 --- [actividad_sumativa_semana8] [           main] o.h.boot.model.internal.AnnotatedColumn  : Binding column: AnnotatedColumn()
2025-04-29T21:36:51.953-04:00 DEBUG 9012 --- [actividad_sumativa_semana8] [           main] o.h.boot.model.internal.PropertyBinder   : MetadataSourceProcessor property lugar with lazy=false
2025-04-29T21:36:51.953-04:00 DEBUG 9012 --- [actividad_sumativa_semana8] [           main] o.h.b.m.internal.AbstractPropertyHolder  : Attempting to locate auto-apply AttributeConverter for property [com.example.actividad_sumativa_semana8.Model.Evento:lugar]
2025-04-29T21:36:51.953-04:00 DEBUG 9012 --- [actividad_sumativa_semana8] [           main] o.h.b.model.internal.BasicValueBinder    : building BasicValue for lugar
2025-04-29T21:36:51.953-04:00 DEBUG 9012 --- [actividad_sumativa_semana8] [           main] org.hibernate.mapping.BasicValue         : Skipping column re-registration: evento.lugar
2025-04-29T21:36:51.953-04:00 DEBUG 9012 --- [actividad_sumativa_semana8] [           main] o.h.boot.model.internal.PropertyBinder   : Building property lugar
2025-04-29T21:36:51.954-04:00 DEBUG 9012 --- [actividad_sumativa_semana8] [           main] o.h.boot.model.internal.AnnotatedColumn  : Binding column: AnnotatedColumn()
2025-04-29T21:36:51.954-04:00 DEBUG 9012 --- [actividad_sumativa_semana8] [           main] o.h.boot.model.internal.PropertyBinder   : MetadataSourceProcessor property nombre with lazy=false
2025-04-29T21:36:51.954-04:00 DEBUG 9012 --- [actividad_sumativa_semana8] [           main] o.h.b.m.internal.AbstractPropertyHolder  : Attempting to locate auto-apply AttributeConverter for property [com.example.actividad_sumativa_semana8.Model.Evento:nombre]
2025-04-29T21:36:51.954-04:00 DEBUG 9012 --- [actividad_sumativa_semana8] [           main] o.h.b.model.internal.BasicValueBinder    : building BasicValue for nombre
2025-04-29T21:36:51.954-04:00 DEBUG 9012 --- [actividad_sumativa_semana8] [           main] org.hibernate.mapping.BasicValue         : Skipping column re-registration: evento.nombre
[...]

   SecurityRequestMatchersManagementContextConfiguration:
      Did not match:
         - @ConditionalOnClass did not find required class 'org.springframework.security.web.util.matcher.RequestMatcher' (OnClassCondition)

   SendGridAutoConfiguration:
      Did not match:
         - @ConditionalOnClass did not find required class 'com.sendgrid.SendGrid' (OnClassCondition)

   ServletEndpointManagementContextConfiguration.JerseyServletEndpointManagementContextConfiguration:
      Did not match:
         - @ConditionalOnClass did not find required class 'org.glassfish.jersey.server.ResourceConfig' (OnClassCondition)

   ServletManagementContextAutoConfiguration.ApplicationContextFilterConfiguration:
      Did not match:
         - @ConditionalOnProperty (management.server.add-application-context-header=true) did not find property 'add-application-context-header' (OnPropertyCondition)

   ServletWebServerFactoryAutoConfiguration.ForwardedHeaderFilterConfiguration:
      Did not match:
         - @ConditionalOnProperty (server.forward-headers-strategy=framework) did not find property 'server.forward-headers-strategy' (OnPropertyCondition)

   ServletWebServerFactoryConfiguration.EmbeddedJetty:
      Did not match:
         - @ConditionalOnClass did not find required classes 'org.eclipse.jetty.server.Server', 'org.eclipse.jetty.util.Loader', 'org.eclipse.jetty.ee10.webapp.WebAppContext' (OnClassCondition)

   ServletWebServerFactoryConfiguration.EmbeddedUndertow:
      Did not match:
         - @ConditionalOnClass did not find required classes 'io.undertow.Undertow', 'org.xnio.SslClientAuthMode' (OnClassCondition)

   SessionAutoConfiguration:
      Did not match:
         - @ConditionalOnClass did not find required class 'org.springframework.session.Session' (OnClassCondition)

   SessionsEndpointAutoConfiguration:
      Did not match:
         - @ConditionalOnClass did not find required class 'org.springframework.session.Session' (OnClassCondition)

   ShutdownEndpointAutoConfiguration:
      Did not match:
         - @ConditionalOnAvailableEndpoint the configured access for endpoint 'shutdown' is NONE (OnAvailableEndpointCondition)

   SignalFxMetricsExportAutoConfiguration:
      Did not match:
         - @ConditionalOnClass did not find required class 'io.micrometer.signalfx.SignalFxMeterRegistry' (OnClassCondition)

   SpringApplicationAdminJmxAutoConfiguration:
      Did not match:
         - @ConditionalOnProperty (spring.application.admin.enabled=true) did not find property 'enabled' (OnPropertyCondition)

   StackdriverMetricsExportAutoConfiguration:
      Did not match:
         - @ConditionalOnClass did not find required class 'io.micrometer.stackdriver.StackdriverMeterRegistry' (OnClassCondition)

   StartupEndpointAutoConfiguration:
      Did not match:
         - ApplicationStartup configured applicationStartup is of type class org.springframework.core.metrics.DefaultApplicationStartup, expected BufferingApplicationStartup. (StartupEndpointAutoConfiguration.ApplicationStartupCondition)

   StatsdMetricsExportAutoConfiguration:
      Did not match:
         - @ConditionalOnClass did not find required class 'io.micrometer.statsd.StatsdMeterRegistry' (OnClassCondition)

   TaskExecutorConfigurations.SimpleAsyncTaskExecutorBuilderConfiguration#simpleAsyncTaskExecutorBuilderVirtualThreads:
      Did not match:
         - @ConditionalOnMissingBean (types: org.springframework.boot.task.SimpleAsyncTaskExecutorBuilder; SearchStrategy: all) found beans of type 'org.springframework.boot.task.SimpleAsyncTaskExecutorBuilder' simpleAsyncTaskExecutorBuilder (OnBeanCondition)

   TaskExecutorConfigurations.TaskExecutorConfiguration#applicationTaskExecutorVirtualThreads:
      Did not match:
         - @ConditionalOnThreading did not find VIRTUAL (OnThreadingCondition)

   TaskSchedulingAutoConfiguration#scheduledBeanLazyInitializationExcludeFilter:
      Did not match:
         - @ConditionalOnBean (names: org.springframework.context.annotation.internalScheduledAnnotationProcessor; SearchStrategy: all) did not find any beans named org.springframework.context.annotation.internalScheduledAnnotationProcessor (OnBeanCondition)

   TaskSchedulingConfigurations.SimpleAsyncTaskSchedulerBuilderConfiguration#simpleAsyncTaskSchedulerBuilderVirtualThreads:
      Did not match:
         - @ConditionalOnMissingBean (types: org.springframework.boot.task.SimpleAsyncTaskSchedulerBuilder; SearchStrategy: all) found beans of type 'org.springframework.boot.task.SimpleAsyncTaskSchedulerBuilder' simpleAsyncTaskSchedulerBuilder (OnBeanCondition)

   TaskSchedulingConfigurations.TaskSchedulerConfiguration:
      Did not match:
         - @ConditionalOnBean (names: org.springframework.context.annotation.internalScheduledAnnotationProcessor; SearchStrategy: all) did not find any beans named org.springframework.context.annotation.internalScheduledAnnotationProcessor (OnBeanCondition)

   ThreadDumpEndpointAutoConfiguration:
      Did not match:
         - @ConditionalOnAvailableEndpoint not exposed (OnAvailableEndpointCondition)

   ThymeleafAutoConfiguration:
      Did not match:
         - @ConditionalOnClass did not find required class 'org.thymeleaf.spring6.SpringTemplateEngine' (OnClassCondition)

   TransactionAutoConfiguration#transactionalOperator:
      Did not match:
         - @ConditionalOnSingleCandidate (types: org.springframework.transaction.ReactiveTransactionManager; SearchStrategy: all) did not find any beans (OnBeanCondition)

   TransactionAutoConfiguration.AspectJTransactionManagementConfiguration:
      Did not match:
         - @ConditionalOnBean (types: org.springframework.transaction.aspectj.AbstractTransactionAspect; SearchStrategy: all) did not find any beans of type org.springframework.transaction.aspectj.AbstractTransactionAspect (OnBeanCondition)

   TransactionAutoConfiguration.EnableTransactionManagementConfiguration.JdkDynamicAutoProxyConfiguration:
      Did not match:
         - @ConditionalOnProperty (spring.aop.proxy-target-class=false) did not find property 'proxy-target-class' (OnPropertyCondition)

   UserDetailsServiceAutoConfiguration:
      Did not match:
         - @ConditionalOnClass did not find required class 'org.springframework.security.authentication.AuthenticationManager' (OnClassCondition)

   WavefrontAutoConfiguration:
      Did not match:
         - @ConditionalOnClass did not find required class 'com.wavefront.sdk.common.application.ApplicationTags' (OnClassCondition)

   WavefrontMetricsExportAutoConfiguration:
      Did not match:
         - @ConditionalOnClass did not find required class 'com.wavefront.sdk.common.WavefrontSender' (OnClassCondition)

   WavefrontTracingAutoConfiguration:
      Did not match:
         - @ConditionalOnClass did not find required class 'com.wavefront.sdk.common.WavefrontSender' (OnClassCondition)

   WebClientAutoConfiguration:
      Did not match:
         - @ConditionalOnClass did not find required class 'org.springframework.web.reactive.function.client.WebClient' (OnClassCondition)

   WebClientObservationConfiguration:
      Did not match:
         - @ConditionalOnClass did not find required class 'org.springframework.web.reactive.function.client.WebClient' (OnClassCondition)

   WebFluxAutoConfiguration:
      Did not match:
         - @ConditionalOnClass did not find required class 'org.springframework.web.reactive.config.WebFluxConfigurer' (OnClassCondition)

   WebFluxEndpointManagementContextConfiguration:
      Did not match:
         - @ConditionalOnClass did not find required class 'org.springframework.web.reactive.DispatcherHandler' (OnClassCondition)

   WebFluxObservationAutoConfiguration:
      Did not match:
         - @ConditionalOnWebApplication did not find reactive web application classes (OnWebApplicationCondition)

   WebMvcAutoConfiguration#hiddenHttpMethodFilter:
      Did not match:
         - @ConditionalOnProperty (spring.mvc.hiddenmethod.filter.enabled) did not find property 'enabled' (OnPropertyCondition)

   WebMvcAutoConfiguration.ProblemDetailsErrorHandlingConfiguration:
      Did not match:
         - @ConditionalOnProperty (spring.mvc.problemdetails.enabled=true) did not find property 'enabled' (OnPropertyCondition)

   WebMvcAutoConfiguration.ResourceChainCustomizerConfiguration:
      Did not match:
         - @ConditionalOnEnabledResourceChain did not find class org.webjars.WebJarVersionLocator (OnEnabledResourceChainCondition)

   WebMvcAutoConfiguration.WebMvcAutoConfigurationAdapter#beanNameViewResolver:
      Did not match:
         - @ConditionalOnMissingBean (types: org.springframework.web.servlet.view.BeanNameViewResolver; SearchStrategy: all) found beans of type 'org.springframework.web.servlet.view.BeanNameViewResolver' beanNameViewResolver (OnBeanCondition)

   WebMvcEndpointManagementContextConfiguration#managementHealthEndpointWebMvcHandlerMapping:
      Did not match:
         - Management Port actual port type (SAME) did not match required type (DIFFERENT) (OnManagementPortCondition)

   WebServiceTemplateAutoConfiguration:
      Did not match:
         - @ConditionalOnClass did not find required class 'org.springframework.oxm.Marshaller' (OnClassCondition)

   WebServicesAutoConfiguration:
      Did not match:
         - @ConditionalOnClass did not find required class 'org.springframework.ws.transport.http.MessageDispatcherServlet' (OnClassCondition)

   WebSessionIdResolverAutoConfiguration:
      Did not match:
         - @ConditionalOnClass did not find required class 'reactor.core.publisher.Mono' (OnClassCondition)

   WebSocketMessagingAutoConfiguration:
      Did not match:
         - @ConditionalOnClass did not find required class 'org.springframework.web.socket.config.annotation.WebSocketMessageBrokerConfigurer' (OnClassCondition)

   WebSocketReactiveAutoConfiguration:
      Did not match:
         - @ConditionalOnWebApplication did not find reactive web application classes (OnWebApplicationCondition)

   WebSocketServletAutoConfiguration.JettyWebSocketConfiguration:
      Did not match:
         - @ConditionalOnClass did not find required class 'org.eclipse.jetty.ee10.websocket.jakarta.server.config.JakartaWebSocketServletContainerInitializer' (OnClassCondition)

   WebSocketServletAutoConfiguration.UndertowWebSocketConfiguration:
      Did not match:
         - @ConditionalOnClass did not find required class 'io.undertow.websockets.jsr.Bootstrap' (OnClassCondition)

   XADataSourceAutoConfiguration:
      Did not match:
         - @ConditionalOnBean (types: org.springframework.boot.jdbc.XADataSourceWrapper; SearchStrategy: all) did not find any beans of type org.springframework.boot.jdbc.XADataSourceWrapper (OnBeanCondition)
      Matched:
         - @ConditionalOnClass found required classes 'javax.sql.DataSource', 'jakarta.transaction.TransactionManager', 'org.springframework.jdbc.datasource.embedded.EmbeddedDatabaseType' (OnClassCondition)

   ZipkinAutoConfiguration:
      Did not match:
         - @ConditionalOnClass did not find required class 'zipkin2.reporter.Encoding' (OnClassCondition)


Exclusions:
-----------

    None


Unconditional classes:
----------------------

    org.springframework.boot.autoconfigure.context.ConfigurationPropertiesAutoConfiguration

    org.springframework.boot.actuate.autoconfigure.availability.AvailabilityHealthContributorAutoConfiguration

    org.springframework.boot.autoconfigure.ssl.SslAutoConfiguration

    org.springframework.boot.actuate.autoconfigure.info.InfoContributorAutoConfiguration

    org.springframework.boot.autoconfigure.context.PropertyPlaceholderAutoConfiguration

    org.springframework.boot.autoconfigure.context.LifecycleAutoConfiguration

    org.springframework.boot.actuate.autoconfigure.metrics.integration.IntegrationMetricsAutoConfiguration

    org.springframework.boot.actuate.autoconfigure.endpoint.EndpointAutoConfiguration

    org.springframework.boot.actuate.autoconfigure.web.server.ManagementContextAutoConfiguration

    org.springframework.boot.actuate.autoconfigure.health.HealthContributorAutoConfiguration

    org.springframework.boot.actuate.autoconfigure.endpoint.jackson.JacksonEndpointAutoConfiguration

    org.springframework.boot.autoconfigure.availability.ApplicationAvailabilityAutoConfiguration

    org.springframework.boot.autoconfigure.info.ProjectInfoAutoConfiguration



2025-04-29T21:36:58.494-04:00  INFO 9012 --- [actividad_sumativa_semana8] [           main] ActividadSumativaSemana8ApplicationTests : Started ActividadSumativaSemana8ApplicationTests in 15.443 seconds (process running for 17.969)
2025-04-29T21:36:58.503-04:00 DEBUG 9012 --- [actividad_sumativa_semana8] [           main] o.s.b.a.ApplicationAvailabilityBean      : Application availability state LivenessState changed to CORRECT
2025-04-29T21:36:58.507-04:00 DEBUG 9012 --- [actividad_sumativa_semana8] [           main] o.s.boot.devtools.restart.Restarter      : Creating new Restarter for thread Thread[#1,main,5,main]
2025-04-29T21:36:58.508-04:00 DEBUG 9012 --- [actividad_sumativa_semana8] [           main] o.s.b.a.ApplicationAvailabilityBean      : Application availability state ReadinessState changed to ACCEPTING_TRAFFIC
2025-04-29T21:36:58.511-04:00 DEBUG 9012 --- [actividad_sumativa_semana8] [           main] org.springframework.test.context.cache   : Spring test ApplicationContext cache statistics: [DefaultContextCache@7b5f886d size = 1, maxSize = 32, parentContextCount = 0, hitCount = 0, missCount = 1, failureCount = 0]
2025-04-29T21:36:58.511-04:00 DEBUG 9012 --- [actividad_sumativa_semana8] [           main] o.s.t.c.w.ServletTestExecutionListener   : Setting up MockHttpServletRequest, MockHttpServletResponse, ServletWebRequest, and RequestContextHolder for test class com.example.actividad_sumativa_semana8.ActividadSumativaSemana8ApplicationTests
2025-04-29T21:36:58.531-04:00 DEBUG 9012 --- [actividad_sumativa_semana8] [           main] DependencyInjectionTestExecutionListener : Performing dependency injection for test class com.example.actividad_sumativa_semana8.ActividadSumativaSemana8ApplicationTests
2025-04-29T21:36:58.531-04:00 DEBUG 9012 --- [actividad_sumativa_semana8] [           main] org.springframework.test.context.cache   : Spring test ApplicationContext cache statistics: [DefaultContextCache@7b5f886d size = 1, maxSize = 32, parentContextCount = 0, hitCount = 1, missCount = 1, failureCount = 0]
2025-04-29T21:36:58.534-04:00 DEBUG 9012 --- [actividad_sumativa_semana8] [           main] org.springframework.test.context.cache   : Spring test ApplicationContext cache statistics: [DefaultContextCache@7b5f886d size = 1, maxSize = 32, parentContextCount = 0, hitCount = 2, missCount = 1, failureCount = 0]
2025-04-29T21:36:58.553-04:00 DEBUG 9012 --- [actividad_sumativa_semana8] [           main] sContextBeforeModesTestExecutionListener : Before test method: class [ActividadSumativaSemana8ApplicationTests], method [contextLoads], class annotated with @DirtiesContext [false] with mode [null], method annotated with @DirtiesContext [false] with mode [null]
2025-04-29T21:36:58.561-04:00 DEBUG 9012 --- [actividad_sumativa_semana8] [           main] org.springframework.test.context.cache   : Spring test ApplicationContext cache statistics: [DefaultContextCache@7b5f886d size = 1, maxSize = 32, parentContextCount = 0, hitCount = 3, missCount = 1, failureCount = 0]
2025-04-29T21:36:58.562-04:00 DEBUG 9012 --- [actividad_sumativa_semana8] [           main] org.springframework.test.context.cache   : Spring test ApplicationContext cache statistics: [DefaultContextCache@7b5f886d size = 1, maxSize = 32, parentContextCount = 0, hitCount = 4, missCount = 1, failureCount = 0]
2025-04-29T21:36:59.472-04:00 DEBUG 9012 --- [actividad_sumativa_semana8] [           main] org.springframework.test.context.cache   : Spring test ApplicationContext cache statistics: [DefaultContextCache@7b5f886d size = 1, maxSize = 32, parentContextCount = 0, hitCount = 5, missCount = 1, failureCount = 0]
2025-04-29T21:36:59.477-04:00 DEBUG 9012 --- [actividad_sumativa_semana8] [           main] org.springframework.test.context.cache   : Spring test ApplicationContext cache statistics: [DefaultContextCache@7b5f886d size = 1, maxSize = 32, parentContextCount = 0, hitCount = 6, missCount = 1, failureCount = 0]
2025-04-29T21:36:59.483-04:00 DEBUG 9012 --- [actividad_sumativa_semana8] [           main] org.springframework.test.context.cache   : Spring test ApplicationContext cache statistics: [DefaultContextCache@7b5f886d size = 1, maxSize = 32, parentContextCount = 0, hitCount = 7, missCount = 1, failureCount = 0]
2025-04-29T21:36:59.484-04:00 DEBUG 9012 --- [actividad_sumativa_semana8] [           main] org.springframework.test.context.cache   : Spring test ApplicationContext cache statistics: [DefaultContextCache@7b5f886d size = 1, maxSize = 32, parentContextCount = 0, hitCount = 8, missCount = 1, failureCount = 0]
2025-04-29T21:36:59.486-04:00 DEBUG 9012 --- [actividad_sumativa_semana8] [           main] org.springframework.test.context.cache   : Spring test ApplicationContext cache statistics: [DefaultContextCache@7b5f886d size = 1, maxSize = 32, parentContextCount = 0, hitCount = 9, missCount = 1, failureCount = 0]
2025-04-29T21:36:59.486-04:00 DEBUG 9012 --- [actividad_sumativa_semana8] [           main] org.springframework.test.context.cache   : Spring test ApplicationContext cache statistics: [DefaultContextCache@7b5f886d size = 1, maxSize = 32, parentContextCount = 0, hitCount = 10, missCount = 1, failureCount = 0]
2025-04-29T21:36:59.488-04:00 DEBUG 9012 --- [actividad_sumativa_semana8] [           main] org.springframework.test.context.cache   : Spring test ApplicationContext cache statistics: [DefaultContextCache@7b5f886d size = 1, maxSize = 32, parentContextCount = 0, hitCount = 11, missCount = 1, failureCount = 0]
2025-04-29T21:36:59.489-04:00 DEBUG 9012 --- [actividad_sumativa_semana8] [           main] org.springframework.test.context.cache   : Spring test ApplicationContext cache statistics: [DefaultContextCache@7b5f886d size = 1, maxSize = 32, parentContextCount = 0, hitCount = 12, missCount = 1, failureCount = 0]
2025-04-29T21:36:59.493-04:00 DEBUG 9012 --- [actividad_sumativa_semana8] [           main] org.springframework.test.context.cache   : Spring test ApplicationContext cache statistics: [DefaultContextCache@7b5f886d size = 1, maxSize = 32, parentContextCount = 0, hitCount = 13, missCount = 1, failureCount = 0]
2025-04-29T21:36:59.494-04:00 DEBUG 9012 --- [actividad_sumativa_semana8] [           main] .c.s.DirtiesContextTestExecutionListener : After test method: class [ActividadSumativaSemana8ApplicationTests], method [contextLoads], class annotated with @DirtiesContext [false] with mode [null], method annotated with @DirtiesContext [false] with mode [null]
2025-04-29T21:36:59.494-04:00 DEBUG 9012 --- [actividad_sumativa_semana8] [           main] o.s.t.c.w.ServletTestExecutionListener   : Resetting RequestContextHolder for test class com.example.actividad_sumativa_semana8.ActividadSumativaSemana8ApplicationTests
]]></system-out>
    <system-err><![CDATA[Mockito is currently self-attaching to enable the inline-mock-maker. This will no longer work in future releases of the JDK. Please add Mockito as an agent to your build what is described in Mockito's documentation: https://javadoc.io/doc/org.mockito/mockito-core/latest/org/mockito/Mockito.html#0.3
WARNING: A Java agent has been loaded dynamically (C:\Users\rodri\.m2\repository\net\bytebuddy\byte-buddy-agent\1.15.11\byte-buddy-agent-1.15.11.jar)
WARNING: If a serviceability tool is in use, please run with -XX:+EnableDynamicAgentLoading to hide this warning
WARNING: If a serviceability tool is not in use, please run with -Djdk.instrument.traceUsage for more information
WARNING: Dynamic loading of agents will be disallowed by default in a future release
]]></system-err>
  </testcase>
</testsuite>